2020-02-06 10:18:10	scrapy.utils.log	INFO	Scrapy 1.8.0 started (bot: WeiboSearch)
2020-02-06 10:18:10	scrapy.utils.log	INFO	Versions: lxml 4.4.2.0, libxml2 2.9.9, cssselect 1.1.0, parsel 1.5.2, w3lib 1.21.0, Twisted 19.10.0, Python 3.7.5 (default, Oct 25 2019, 10:52:18) - [Clang 4.0.1 (tags/RELEASE_401/final)], pyOpenSSL 19.1.0 (OpenSSL 1.1.1d  10 Sep 2019), cryptography 2.8, Platform Darwin-19.3.0-x86_64-i386-64bit
2020-02-06 10:18:10	scrapy.crawler	INFO	Overridden settings: {'BOT_NAME': 'WeiboSearch', 'DOWNLOAD_DELAY': 1, 'LOG_ENABLED': '0', 'NEWSPIDER_MODULE': 'WeiboSearch.spiders', 'RETRY_HTTP_CODES': [401, 403, 408, 414, 500, 502, 503, 504], 'SPIDER_MODULES': ['WeiboSearch.spiders']}
2020-02-06 10:18:10	scrapy.extensions.telnet	INFO	Telnet Password: ec3b78ef34c5d3ad
2020-02-06 10:18:10	scrapy.middleware	INFO	Enabled extensions:
['scrapy.extensions.corestats.CoreStats',
 'scrapy.extensions.telnet.TelnetConsole',
 'scrapy.extensions.memusage.MemoryUsage',
 'scrapy.extensions.logstats.LogStats']
2020-02-06 10:18:11	scrapy.middleware	INFO	Enabled downloader middlewares:
['scrapy.downloadermiddlewares.httpauth.HttpAuthMiddleware',
 'scrapy.downloadermiddlewares.downloadtimeout.DownloadTimeoutMiddleware',
 'scrapy.downloadermiddlewares.defaultheaders.DefaultHeadersMiddleware',
 'scrapy.downloadermiddlewares.useragent.UserAgentMiddleware',
 'scrapy.downloadermiddlewares.retry.RetryMiddleware',
 'WeiboSearch.middlewares.CookiesMiddleware',
 'WeiboSearch.middlewares.ProxyMiddleware',
 'scrapy.downloadermiddlewares.redirect.MetaRefreshMiddleware',
 'scrapy.downloadermiddlewares.httpcompression.HttpCompressionMiddleware',
 'scrapy.downloadermiddlewares.httpproxy.HttpProxyMiddleware',
 'scrapy.downloadermiddlewares.stats.DownloaderStats']
2020-02-06 10:18:11	scrapy.middleware	INFO	Enabled spider middlewares:
['scrapy.spidermiddlewares.httperror.HttpErrorMiddleware',
 'scrapy.spidermiddlewares.offsite.OffsiteMiddleware',
 'scrapy.spidermiddlewares.referer.RefererMiddleware',
 'scrapy.spidermiddlewares.urllength.UrlLengthMiddleware',
 'scrapy.spidermiddlewares.depth.DepthMiddleware']
2020-02-06 10:18:11	scrapy.middleware	INFO	Enabled item pipelines:
['WeiboSearch.pipelines.TimePipeline',
 'WeiboSearch.pipelines.WeiboSpiderPipeline',
 'WeiboSearch.pipelines.MongoPipeline']
2020-02-06 10:18:11	scrapy.core.engine	INFO	Spider opened
2020-02-06 10:18:11	scrapy.extensions.logstats	INFO	Crawled 0 pages (at 0 pages/min), scraped 0 items (at 0 items/min)
2020-02-06 10:18:11	scrapy.extensions.telnet	INFO	Telnet console listening on 127.0.0.1:6023
2020-02-06 10:18:11	urllib3.connectionpool	DEBUG	Starting new HTTP connection (1): 127.0.0.1:5000
2020-02-06 10:18:12	scrapy.core.engine	DEBUG	Crawled (200) <GET https://weibo.cn/search/mblog?hideSearchFrame=&keyword=%E6%96%B0%E5%9E%8B%E8%82%BA%E7%82%8E%E6%97%A5%E6%9C%AC%E5%9B%BD%E5%86%85%E3%81%A7%E5%88%9D%E7%A2%BA%E8%AA%8D&advancedfilter=1&starttime=20200115&endtime=20200116&sort=time&hasori=1> (referer: None)
2020-02-06 10:18:40	scrapy.core.scraper	DEBUG	Scraped from <200 https://weibo.cn/search/mblog?hideSearchFrame=&keyword=%E6%96%B0%E5%9E%8B%E8%82%BA%E7%82%8E%E6%97%A5%E6%9C%AC%E5%9B%BD%E5%86%85%E3%81%A7%E5%88%9D%E7%A2%BA%E8%AA%8D&advancedfilter=1&starttime=20200115&endtime=20200116&sort=time&hasori=1>
{'crawled_at': '2020-02-06 10:18:40',
 'created_at': '2020-01-16 22:29',
 'favorite_count': 0,
 'id_str': '6367841796_IpNzkrnPt',
 'reply_count': 0,
 'retweet_count': 0,
 'source': 'Weibo.intl',
 'text': '【武漢への渡航歴】中国で流行の新型肺炎、日本で初確認http://t.cn/A6vieUJg国立感染症研究所のウイルス検査で陽性反応を確認。国内での患者の確認は初めてで、政府は関係省庁との間で対応を協議するとみられる。',
 'user': '6367841796',
 'username': '媗妅',
 'weibo_url': 'https://weibo.com/6367841796/IpNzkrnPt'}
2020-02-06 10:18:42	scrapy.core.scraper	DEBUG	Scraped from <200 https://weibo.cn/search/mblog?hideSearchFrame=&keyword=%E6%96%B0%E5%9E%8B%E8%82%BA%E7%82%8E%E6%97%A5%E6%9C%AC%E5%9B%BD%E5%86%85%E3%81%A7%E5%88%9D%E7%A2%BA%E8%AA%8D&advancedfilter=1&starttime=20200115&endtime=20200116&sort=time&hasori=1>
{'crawled_at': '2020-02-06 10:18:42',
 'created_at': '2020-01-16 22:10',
 'favorite_count': 0,
 'id_str': '7316610033_IpNrDwoEC',
 'place': 'zuoteng19th的微博视频',
 'reply_count': 0,
 'retweet_count': 0,
 'source': 'Android客户端',
 'text': '新型肺炎日本国内で初確認、今月末には春節控え・・・武漢からの中国籍男性http://t.cn/A6vir4TDhttp://t.cn/RJqepsh',
 'user': '7316610033',
 'username': 'zuoteng19th',
 'weibo_url': 'https://weibo.com/7316610033/IpNrDwoEC'}
2020-02-06 10:18:42	urllib3.connectionpool	DEBUG	Starting new HTTP connection (1): 127.0.0.1:5000
2020-02-06 10:18:57	scrapy.crawler	INFO	Received SIGINT, shutting down gracefully. Send again to force 
2020-02-06 10:19:08	scrapy.utils.log	INFO	Scrapy 1.8.0 started (bot: WeiboSearch)
2020-02-06 10:19:08	scrapy.utils.log	INFO	Versions: lxml 4.4.2.0, libxml2 2.9.9, cssselect 1.1.0, parsel 1.5.2, w3lib 1.21.0, Twisted 19.10.0, Python 3.7.5 (default, Oct 25 2019, 10:52:18) - [Clang 4.0.1 (tags/RELEASE_401/final)], pyOpenSSL 19.1.0 (OpenSSL 1.1.1d  10 Sep 2019), cryptography 2.8, Platform Darwin-19.3.0-x86_64-i386-64bit
2020-02-06 10:19:08	scrapy.crawler	INFO	Overridden settings: {'BOT_NAME': 'WeiboSearch', 'DOWNLOAD_DELAY': 1, 'LOG_ENABLED': '0', 'NEWSPIDER_MODULE': 'WeiboSearch.spiders', 'RETRY_HTTP_CODES': [401, 403, 408, 414, 500, 502, 503, 504], 'SPIDER_MODULES': ['WeiboSearch.spiders']}
2020-02-06 10:19:08	scrapy.extensions.telnet	INFO	Telnet Password: ec288ce314118957
2020-02-06 10:19:08	scrapy.middleware	INFO	Enabled extensions:
['scrapy.extensions.corestats.CoreStats',
 'scrapy.extensions.telnet.TelnetConsole',
 'scrapy.extensions.memusage.MemoryUsage',
 'scrapy.extensions.logstats.LogStats']
2020-02-06 10:19:09	scrapy.middleware	INFO	Enabled downloader middlewares:
['scrapy.downloadermiddlewares.httpauth.HttpAuthMiddleware',
 'scrapy.downloadermiddlewares.downloadtimeout.DownloadTimeoutMiddleware',
 'scrapy.downloadermiddlewares.defaultheaders.DefaultHeadersMiddleware',
 'scrapy.downloadermiddlewares.useragent.UserAgentMiddleware',
 'scrapy.downloadermiddlewares.retry.RetryMiddleware',
 'WeiboSearch.middlewares.CookiesMiddleware',
 'WeiboSearch.middlewares.ProxyMiddleware',
 'scrapy.downloadermiddlewares.redirect.MetaRefreshMiddleware',
 'scrapy.downloadermiddlewares.httpcompression.HttpCompressionMiddleware',
 'scrapy.downloadermiddlewares.httpproxy.HttpProxyMiddleware',
 'scrapy.downloadermiddlewares.stats.DownloaderStats']
2020-02-06 10:19:09	scrapy.middleware	INFO	Enabled spider middlewares:
['scrapy.spidermiddlewares.httperror.HttpErrorMiddleware',
 'scrapy.spidermiddlewares.offsite.OffsiteMiddleware',
 'scrapy.spidermiddlewares.referer.RefererMiddleware',
 'scrapy.spidermiddlewares.urllength.UrlLengthMiddleware',
 'scrapy.spidermiddlewares.depth.DepthMiddleware']
2020-02-06 10:19:09	scrapy.middleware	INFO	Enabled item pipelines:
['WeiboSearch.pipelines.TimePipeline',
 'WeiboSearch.pipelines.WeiboSpiderPipeline',
 'WeiboSearch.pipelines.MongoPipeline']
2020-02-06 10:19:09	scrapy.core.engine	INFO	Spider opened
2020-02-06 10:19:09	scrapy.extensions.logstats	INFO	Crawled 0 pages (at 0 pages/min), scraped 0 items (at 0 items/min)
2020-02-06 10:19:09	scrapy.extensions.telnet	INFO	Telnet console listening on 127.0.0.1:6023
2020-02-06 10:19:09	urllib3.connectionpool	DEBUG	Starting new HTTP connection (1): 127.0.0.1:5000
2020-02-06 10:19:10	scrapy.core.engine	DEBUG	Crawled (200) <GET https://weibo.cn/search/mblog?hideSearchFrame=&keyword=%E6%96%B0%E5%9E%8B%E8%82%BA%E7%82%8E%E6%97%A5%E6%9C%AC%E5%9B%BD%E5%86%85%E3%81%A7%E5%88%9D%E7%A2%BA%E8%AA%8D&advancedfilter=1&starttime=20200115&endtime=20200116&sort=time&hasori=1> (referer: None)
2020-02-06 10:19:13	scrapy.core.scraper	DEBUG	Scraped from <200 https://weibo.cn/search/mblog?hideSearchFrame=&keyword=%E6%96%B0%E5%9E%8B%E8%82%BA%E7%82%8E%E6%97%A5%E6%9C%AC%E5%9B%BD%E5%86%85%E3%81%A7%E5%88%9D%E7%A2%BA%E8%AA%8D&advancedfilter=1&starttime=20200115&endtime=20200116&sort=time&hasori=1>
{'crawled_at': '2020-02-06 10:19:13',
 'created_at': '2020-01-16 22:29',
 'favorite_count': 0,
 'id_str': '6367841796_IpNzkrnPt',
 'reply_count': 0,
 'retweet_count': 0,
 'source': 'Weibo.intl',
 'text': '【武漢への渡航歴】中国で流行の新型肺炎、日本で初確認http://t.cn/A6vieUJg国立感染症研究所のウイルス検査で陽性反応を確認。国内での患者の確認は初めてで、政府は関係省庁との間で対応を協議するとみられる。',
 'user': '6367841796',
 'username': '媗妅',
 'weibo_url': 'https://weibo.com/6367841796/IpNzkrnPt'}
2020-02-06 10:37:23	scrapy.crawler	INFO	Received SIGINT, shutting down gracefully. Send again to force 
2020-02-06 10:39:09	scrapy.utils.log	INFO	Scrapy 1.8.0 started (bot: WeiboSearch)
2020-02-06 10:39:09	scrapy.utils.log	INFO	Versions: lxml 4.4.2.0, libxml2 2.9.9, cssselect 1.1.0, parsel 1.5.2, w3lib 1.21.0, Twisted 19.10.0, Python 3.7.5 (default, Oct 25 2019, 10:52:18) - [Clang 4.0.1 (tags/RELEASE_401/final)], pyOpenSSL 19.1.0 (OpenSSL 1.1.1d  10 Sep 2019), cryptography 2.8, Platform Darwin-19.3.0-x86_64-i386-64bit
2020-02-06 10:39:09	scrapy.crawler	INFO	Overridden settings: {'BOT_NAME': 'WeiboSearch', 'DOWNLOAD_DELAY': 1, 'LOG_ENABLED': '0', 'NEWSPIDER_MODULE': 'WeiboSearch.spiders', 'RETRY_HTTP_CODES': [401, 403, 408, 414, 500, 502, 503, 504], 'SPIDER_MODULES': ['WeiboSearch.spiders']}
2020-02-06 10:39:09	scrapy.extensions.telnet	INFO	Telnet Password: 84687962088bf538
2020-02-06 10:39:09	scrapy.middleware	INFO	Enabled extensions:
['scrapy.extensions.corestats.CoreStats',
 'scrapy.extensions.telnet.TelnetConsole',
 'scrapy.extensions.memusage.MemoryUsage',
 'scrapy.extensions.logstats.LogStats']
2020-02-06 10:39:10	scrapy.middleware	INFO	Enabled downloader middlewares:
['scrapy.downloadermiddlewares.httpauth.HttpAuthMiddleware',
 'scrapy.downloadermiddlewares.downloadtimeout.DownloadTimeoutMiddleware',
 'scrapy.downloadermiddlewares.defaultheaders.DefaultHeadersMiddleware',
 'scrapy.downloadermiddlewares.useragent.UserAgentMiddleware',
 'scrapy.downloadermiddlewares.retry.RetryMiddleware',
 'WeiboSearch.middlewares.CookiesMiddleware',
 'WeiboSearch.middlewares.ProxyMiddleware',
 'scrapy.downloadermiddlewares.redirect.MetaRefreshMiddleware',
 'scrapy.downloadermiddlewares.httpcompression.HttpCompressionMiddleware',
 'scrapy.downloadermiddlewares.httpproxy.HttpProxyMiddleware',
 'scrapy.downloadermiddlewares.stats.DownloaderStats']
2020-02-06 10:39:10	scrapy.middleware	INFO	Enabled spider middlewares:
['scrapy.spidermiddlewares.httperror.HttpErrorMiddleware',
 'scrapy.spidermiddlewares.offsite.OffsiteMiddleware',
 'scrapy.spidermiddlewares.referer.RefererMiddleware',
 'scrapy.spidermiddlewares.urllength.UrlLengthMiddleware',
 'scrapy.spidermiddlewares.depth.DepthMiddleware']
2020-02-06 10:39:10	scrapy.middleware	INFO	Enabled item pipelines:
['WeiboSearch.pipelines.TimePipeline',
 'WeiboSearch.pipelines.WeiboSpiderPipeline',
 'WeiboSearch.pipelines.MongoPipeline']
2020-02-06 10:39:10	scrapy.core.engine	INFO	Spider opened
2020-02-06 10:39:10	scrapy.extensions.logstats	INFO	Crawled 0 pages (at 0 pages/min), scraped 0 items (at 0 items/min)
2020-02-06 10:39:10	scrapy.extensions.telnet	INFO	Telnet console listening on 127.0.0.1:6023
2020-02-06 10:39:10	urllib3.connectionpool	DEBUG	Starting new HTTP connection (1): 127.0.0.1:5000
2020-02-06 10:39:11	scrapy.core.engine	DEBUG	Crawled (200) <GET https://weibo.cn/search/mblog?hideSearchFrame=&keyword=%E6%96%B0%E5%9E%8B%E8%82%BA%E7%82%8E%E6%97%A5%E6%9C%AC%E5%9B%BD%E5%86%85%E3%81%A7%E5%88%9D%E7%A2%BA%E8%AA%8D&advancedfilter=1&starttime=20200115&endtime=20200116&sort=time&hasori=1> (referer: None)
2020-02-06 10:39:21	scrapy.core.scraper	DEBUG	Scraped from <200 https://weibo.cn/search/mblog?hideSearchFrame=&keyword=%E6%96%B0%E5%9E%8B%E8%82%BA%E7%82%8E%E6%97%A5%E6%9C%AC%E5%9B%BD%E5%86%85%E3%81%A7%E5%88%9D%E7%A2%BA%E8%AA%8D&advancedfilter=1&starttime=20200115&endtime=20200116&sort=time&hasori=1>
{'crawled_at': '2020-02-06 10:39:21',
 'created_at': '2020-01-16 22:29',
 'favorite_count': 0,
 'id_str': '6367841796_IpNzkrnPt',
 'reply_count': 0,
 'retweet_count': 0,
 'source': 'Weibo.intl',
 'text': '【武漢への渡航歴】中国で流行の新型肺炎、日本で初確認http://t.cn/A6vieUJg国立感染症研究所のウイルス検査で陽性反応を確認。国内での患者の確認は初めてで、政府は関係省庁との間で対応を協議するとみられる。',
 'user': '6367841796',
 'username': '媗妅',
 'weibo_url': 'https://weibo.com/6367841796/IpNzkrnPt'}
2020-02-06 10:39:53	scrapy.crawler	INFO	Received SIGINT, shutting down gracefully. Send again to force 
2020-02-06 10:53:17	scrapy.utils.log	INFO	Scrapy 1.8.0 started (bot: WeiboSearch)
2020-02-06 10:53:17	scrapy.utils.log	INFO	Versions: lxml 4.4.2.0, libxml2 2.9.9, cssselect 1.1.0, parsel 1.5.2, w3lib 1.21.0, Twisted 19.10.0, Python 3.7.5 (default, Oct 25 2019, 10:52:18) - [Clang 4.0.1 (tags/RELEASE_401/final)], pyOpenSSL 19.1.0 (OpenSSL 1.1.1d  10 Sep 2019), cryptography 2.8, Platform Darwin-19.3.0-x86_64-i386-64bit
2020-02-06 10:53:17	scrapy.crawler	INFO	Overridden settings: {'BOT_NAME': 'WeiboSearch', 'DOWNLOAD_DELAY': 1, 'LOG_ENABLED': '0', 'NEWSPIDER_MODULE': 'WeiboSearch.spiders', 'RETRY_HTTP_CODES': [401, 403, 408, 414, 500, 502, 503, 504], 'SPIDER_MODULES': ['WeiboSearch.spiders']}
2020-02-06 10:53:17	scrapy.extensions.telnet	INFO	Telnet Password: 7007ca5bd889aa8d
2020-02-06 10:53:18	scrapy.middleware	INFO	Enabled extensions:
['scrapy.extensions.corestats.CoreStats',
 'scrapy.extensions.telnet.TelnetConsole',
 'scrapy.extensions.memusage.MemoryUsage',
 'scrapy.extensions.logstats.LogStats']
2020-02-06 10:53:18	scrapy.middleware	INFO	Enabled downloader middlewares:
['scrapy.downloadermiddlewares.httpauth.HttpAuthMiddleware',
 'scrapy.downloadermiddlewares.downloadtimeout.DownloadTimeoutMiddleware',
 'scrapy.downloadermiddlewares.defaultheaders.DefaultHeadersMiddleware',
 'scrapy.downloadermiddlewares.useragent.UserAgentMiddleware',
 'scrapy.downloadermiddlewares.retry.RetryMiddleware',
 'WeiboSearch.middlewares.CookiesMiddleware',
 'WeiboSearch.middlewares.ProxyMiddleware',
 'scrapy.downloadermiddlewares.redirect.MetaRefreshMiddleware',
 'scrapy.downloadermiddlewares.httpcompression.HttpCompressionMiddleware',
 'scrapy.downloadermiddlewares.httpproxy.HttpProxyMiddleware',
 'scrapy.downloadermiddlewares.stats.DownloaderStats']
2020-02-06 10:53:18	scrapy.middleware	INFO	Enabled spider middlewares:
['scrapy.spidermiddlewares.httperror.HttpErrorMiddleware',
 'scrapy.spidermiddlewares.offsite.OffsiteMiddleware',
 'scrapy.spidermiddlewares.referer.RefererMiddleware',
 'scrapy.spidermiddlewares.urllength.UrlLengthMiddleware',
 'scrapy.spidermiddlewares.depth.DepthMiddleware']
2020-02-06 10:53:18	scrapy.middleware	INFO	Enabled item pipelines:
['WeiboSearch.pipelines.TimePipeline',
 'WeiboSearch.pipelines.WeiboSpiderPipeline',
 'WeiboSearch.pipelines.MongoPipeline']
2020-02-06 10:53:18	scrapy.core.engine	INFO	Spider opened
2020-02-06 10:53:18	scrapy.extensions.logstats	INFO	Crawled 0 pages (at 0 pages/min), scraped 0 items (at 0 items/min)
2020-02-06 10:53:18	scrapy.extensions.telnet	INFO	Telnet console listening on 127.0.0.1:6023
2020-02-06 10:53:18	urllib3.connectionpool	DEBUG	Starting new HTTP connection (1): 127.0.0.1:5000
2020-02-06 10:53:20	scrapy.core.engine	DEBUG	Crawled (200) <GET https://weibo.cn/search/mblog?hideSearchFrame=&keyword=%E6%96%B0%E5%9E%8B%E8%82%BA%E7%82%8E%E6%97%A5%E6%9C%AC%E5%9B%BD%E5%86%85%E3%81%A7%E5%88%9D%E7%A2%BA%E8%AA%8D&advancedfilter=1&starttime=20200115&endtime=20200116&sort=time&hasori=1> (referer: None)
2020-02-06 10:53:23	scrapy.core.scraper	DEBUG	Scraped from <200 https://weibo.cn/search/mblog?hideSearchFrame=&keyword=%E6%96%B0%E5%9E%8B%E8%82%BA%E7%82%8E%E6%97%A5%E6%9C%AC%E5%9B%BD%E5%86%85%E3%81%A7%E5%88%9D%E7%A2%BA%E8%AA%8D&advancedfilter=1&starttime=20200115&endtime=20200116&sort=time&hasori=1>
{'crawled_at': '2020-02-06 10:53:23',
 'created_at': '2020-01-16 22:29',
 'favorite_count': 0,
 'id_str': '6367841796_IpNzkrnPt',
 'reply_count': 0,
 'retweet_count': 0,
 'source': 'Weibo.intl',
 'text': '【武漢への渡航歴】中国で流行の新型肺炎、日本で初確認http://t.cn/A6vieUJg国立感染症研究所のウイルス検査で陽性反応を確認。国内での患者の確認は初めてで、政府は関係省庁との間で対応を協議するとみられる。',
 'user': '6367841796',
 'username': '媗妅',
 'weibo_url': 'https://weibo.com/6367841796/IpNzkrnPt'}
2020-02-06 10:53:53	urllib3.connectionpool	DEBUG	Starting new HTTP connection (1): 127.0.0.1:5000
2020-02-06 10:53:53	urllib3.connectionpool	DEBUG	Starting new HTTP connection (1): 127.0.0.1:5000
2020-02-06 10:53:58	scrapy.core.scraper	DEBUG	Scraped from <200 https://weibo.cn/search/mblog?hideSearchFrame=&keyword=%E6%96%B0%E5%9E%8B%E8%82%BA%E7%82%8E%E6%97%A5%E6%9C%AC%E5%9B%BD%E5%86%85%E3%81%A7%E5%88%9D%E7%A2%BA%E8%AA%8D&advancedfilter=1&starttime=20200115&endtime=20200116&sort=time&hasori=1>
{'crawled_at': '2020-02-06 10:53:58',
 'created_at': '2020-01-16 22:10',
 'favorite_count': 0,
 'id_str': '7316610033_IpNrDwoEC',
 'place': True,
 'reply_count': 0,
 'retweet_count': 0,
 'source': 'Android客户端',
 'text': '新型肺炎日本国内で初確認、今月末には春節控え・・・武漢からの中国籍男性http://t.cn/A6vir4TD',
 'user': '7316610033',
 'username': 'zuoteng19th',
 'weibo_url': 'https://weibo.com/7316610033/IpNrDwoEC'}
2020-02-06 10:53:59	scrapy.core.scraper	DEBUG	Scraped from <200 https://weibo.cn/search/mblog?hideSearchFrame=&keyword=%E6%96%B0%E5%9E%8B%E8%82%BA%E7%82%8E%E6%97%A5%E6%9C%AC%E5%9B%BD%E5%86%85%E3%81%A7%E5%88%9D%E7%A2%BA%E8%AA%8D&advancedfilter=1&starttime=20200115&endtime=20200116&sort=time&hasori=1>
{'crawled_at': '2020-02-06 10:53:59',
 'created_at': '2020-01-16 10:57',
 'favorite_count': 2,
 'id_str': '1880219171_IpJ2BngEN',
 'reply_count': 0,
 'retweet_count': 1,
 'source': '微博 weibo.com',
 'text': '新型肺炎、日本で初確認中国・武漢への渡航歴日本国内で初確認された新型肺炎患者は中国人「ほかに肺炎が疑われる人なし」と厚労省厚生労働省によると、新型の肺炎が確認された男性は退院後、自宅で療養している。発熱はないが、軽いせきは出ているという。',
 'user': '1880219171',
 'username': 'Chiakichn',
 'weibo_url': 'https://weibo.com/1880219171/IpJ2BngEN'}
2020-02-06 10:53:59	urllib3.connectionpool	DEBUG	Starting new HTTP connection (1): 127.0.0.1:5000
2020-02-06 10:53:59	urllib3.connectionpool	DEBUG	Starting new HTTP connection (1): 127.0.0.1:5000
2020-02-06 10:53:59	scrapy.core.engine	DEBUG	Crawled (200) <GET https://weibo.cn/7316610033/IpNrDwoEC> (referer: https://weibo.cn/search/mblog?hideSearchFrame=&keyword=%E6%96%B0%E5%9E%8B%E8%82%BA%E7%82%8E%E6%97%A5%E6%9C%AC%E5%9B%BD%E5%86%85%E3%81%A7%E5%88%9D%E7%A2%BA%E8%AA%8D&advancedfilter=1&starttime=20200115&endtime=20200116&sort=time&hasori=1)
2020-02-06 10:53:59	scrapy.core.engine	DEBUG	Crawled (200) <GET https://weibo.cn/7316610033/info> (referer: https://weibo.cn/search/mblog?hideSearchFrame=&keyword=%E6%96%B0%E5%9E%8B%E8%82%BA%E7%82%8E%E6%97%A5%E6%9C%AC%E5%9B%BD%E5%86%85%E3%81%A7%E5%88%9D%E7%A2%BA%E8%AA%8D&advancedfilter=1&starttime=20200115&endtime=20200116&sort=time&hasori=1)
2020-02-06 10:53:59	scrapy.core.engine	DEBUG	Crawled (200) <GET https://weibo.cn/6367841796/info> (referer: https://weibo.cn/search/mblog?hideSearchFrame=&keyword=%E6%96%B0%E5%9E%8B%E8%82%BA%E7%82%8E%E6%97%A5%E6%9C%AC%E5%9B%BD%E5%86%85%E3%81%A7%E5%88%9D%E7%A2%BA%E8%AA%8D&advancedfilter=1&starttime=20200115&endtime=20200116&sort=time&hasori=1)
2020-02-06 10:54:00	scrapy.core.scraper	DEBUG	Scraped from <200 https://weibo.cn/7316610033/IpNrDwoEC>
{'crawled_at': '2020-02-06 10:54:00',
 'created_at': '2020-01-16 22:10',
 'favorite_count': 0,
 'id_str': '7316610033_IpNrDwoEC',
 'place': 'zuoteng19th的微博视频',
 'reply_count': 0,
 'retweet_count': 0,
 'source': 'Android客户端',
 'text': '新型肺炎日本国内で初確認、今月末には春節控え・・・武漢からの中国籍男性http://t.cn/A6vir4TD日本',
 'user': '7316610033',
 'username': 'zuoteng19th',
 'weibo_url': 'https://weibo.com/7316610033/IpNrDwoEC'}
2020-02-06 10:54:00	urllib3.connectionpool	DEBUG	Starting new HTTP connection (1): 127.0.0.1:5000
2020-02-06 10:54:00	urllib3.connectionpool	DEBUG	Starting new HTTP connection (1): 127.0.0.1:5000
2020-02-06 10:54:00	scrapy.core.engine	DEBUG	Crawled (200) <GET https://weibo.cn/1880219171/info> (referer: https://weibo.cn/search/mblog?hideSearchFrame=&keyword=%E6%96%B0%E5%9E%8B%E8%82%BA%E7%82%8E%E6%97%A5%E6%9C%AC%E5%9B%BD%E5%86%85%E3%81%A7%E5%88%9D%E7%A2%BA%E8%AA%8D&advancedfilter=1&starttime=20200115&endtime=20200116&sort=time&hasori=1)
2020-02-06 10:54:01	urllib3.connectionpool	DEBUG	Starting new HTTP connection (1): 127.0.0.1:5000
2020-02-06 10:54:02	scrapy.core.engine	DEBUG	Crawled (200) <GET https://weibo.cn/u/6367841796> (referer: https://weibo.cn/6367841796/info)
2020-02-06 10:54:02	scrapy.core.scraper	DEBUG	Scraped from <200 https://weibo.cn/u/6367841796>
{'brief_introduction': '愚蠢幼稚不成熟！放肆大胆不清醒！',
 'crawled_at': '2020-02-06 10:54:02',
 'fans_num': 257,
 'follows_num': 579,
 'gender': '女',
 'id': '6367841796',
 'name': '媗妅',
 'province': '江苏',
 'tweets_num': 10588,
 'vip_level': '6级'}
2020-02-06 10:54:04	scrapy.core.engine	DEBUG	Crawled (200) <GET https://weibo.cn/u/7316610033> (referer: https://weibo.cn/7316610033/info)
2020-02-06 10:54:04	scrapy.core.scraper	DEBUG	Scraped from <200 https://weibo.cn/u/7316610033>
{'birthday': '1965-09-05',
 'brief_introduction': '帐户被删除了（笑）这是新帐户。请多多关照！',
 'crawled_at': '2020-02-06 10:54:04',
 'fans_num': 106,
 'follows_num': 91,
 'gender': '男',
 'id': '7316610033',
 'name': 'zuoteng19th',
 'province': '海外',
 'tweets_num': 2600,
 'vip_level': '未开通'}
2020-02-06 10:54:05	scrapy.core.engine	DEBUG	Crawled (200) <GET https://weibo.cn/u/1880219171> (referer: https://weibo.cn/1880219171/info)
2020-02-06 10:54:05	scrapy.core.scraper	DEBUG	Scraped from <200 https://weibo.cn/u/1880219171>
{'birthday': '白羊座',
 'brief_introduction': '满屏银蝴蝶，一把辛酸泪。都说我脸黑，谁解其中味？',
 'city': '深圳',
 'crawled_at': '2020-02-06 10:54:05',
 'fans_num': 855,
 'follows_num': 481,
 'gender': '男',
 'id': '1880219171',
 'labels': '偶像大师,水本ゆかり,水本紫',
 'name': 'Chiakichn',
 'province': '广东',
 'tweets_num': 11874,
 'vip_level': '5级'}
2020-02-06 10:54:05	scrapy.core.engine	INFO	Closing spider (finished)
2020-02-06 10:54:05	scrapy.statscollectors	INFO	Dumping Scrapy stats:
{'downloader/request_bytes': 5000,
 'downloader/request_count': 8,
 'downloader/request_method_count/GET': 8,
 'downloader/response_bytes': 41031,
 'downloader/response_count': 8,
 'downloader/response_status_count/200': 8,
 'elapsed_time_seconds': 46.688712,
 'finish_reason': 'finished',
 'finish_time': datetime.datetime(2020, 2, 6, 1, 54, 5, 612757),
 'item_scraped_count': 7,
 'log_count/DEBUG': 23,
 'log_count/INFO': 10,
 'memusage/max': 104914944,
 'memusage/startup': 104914944,
 'request_depth_max': 2,
 'response_received_count': 8,
 'scheduler/dequeued': 8,
 'scheduler/dequeued/memory': 8,
 'scheduler/enqueued': 8,
 'scheduler/enqueued/memory': 8,
 'start_time': datetime.datetime(2020, 2, 6, 1, 53, 18, 924045)}
2020-02-06 10:54:05	scrapy.core.engine	INFO	Spider closed (finished)
2020-02-06 10:54:55	scrapy.utils.log	INFO	Scrapy 1.8.0 started (bot: WeiboSearch)
2020-02-06 10:54:55	scrapy.utils.log	INFO	Versions: lxml 4.4.2.0, libxml2 2.9.9, cssselect 1.1.0, parsel 1.5.2, w3lib 1.21.0, Twisted 19.10.0, Python 3.7.5 (default, Oct 25 2019, 10:52:18) - [Clang 4.0.1 (tags/RELEASE_401/final)], pyOpenSSL 19.1.0 (OpenSSL 1.1.1d  10 Sep 2019), cryptography 2.8, Platform Darwin-19.3.0-x86_64-i386-64bit
2020-02-06 10:54:55	scrapy.crawler	INFO	Overridden settings: {'BOT_NAME': 'WeiboSearch', 'DOWNLOAD_DELAY': 1, 'LOG_ENABLED': '0', 'NEWSPIDER_MODULE': 'WeiboSearch.spiders', 'RETRY_HTTP_CODES': [401, 403, 408, 414, 500, 502, 503, 504], 'SPIDER_MODULES': ['WeiboSearch.spiders']}
2020-02-06 10:54:55	scrapy.extensions.telnet	INFO	Telnet Password: 597ab363aa756e08
2020-02-06 10:54:55	scrapy.middleware	INFO	Enabled extensions:
['scrapy.extensions.corestats.CoreStats',
 'scrapy.extensions.telnet.TelnetConsole',
 'scrapy.extensions.memusage.MemoryUsage',
 'scrapy.extensions.logstats.LogStats']
2020-02-06 10:54:56	scrapy.middleware	INFO	Enabled downloader middlewares:
['scrapy.downloadermiddlewares.httpauth.HttpAuthMiddleware',
 'scrapy.downloadermiddlewares.downloadtimeout.DownloadTimeoutMiddleware',
 'scrapy.downloadermiddlewares.defaultheaders.DefaultHeadersMiddleware',
 'scrapy.downloadermiddlewares.useragent.UserAgentMiddleware',
 'scrapy.downloadermiddlewares.retry.RetryMiddleware',
 'WeiboSearch.middlewares.CookiesMiddleware',
 'WeiboSearch.middlewares.ProxyMiddleware',
 'scrapy.downloadermiddlewares.redirect.MetaRefreshMiddleware',
 'scrapy.downloadermiddlewares.httpcompression.HttpCompressionMiddleware',
 'scrapy.downloadermiddlewares.httpproxy.HttpProxyMiddleware',
 'scrapy.downloadermiddlewares.stats.DownloaderStats']
2020-02-06 10:54:56	scrapy.middleware	INFO	Enabled spider middlewares:
['scrapy.spidermiddlewares.httperror.HttpErrorMiddleware',
 'scrapy.spidermiddlewares.offsite.OffsiteMiddleware',
 'scrapy.spidermiddlewares.referer.RefererMiddleware',
 'scrapy.spidermiddlewares.urllength.UrlLengthMiddleware',
 'scrapy.spidermiddlewares.depth.DepthMiddleware']
2020-02-06 10:54:56	scrapy.middleware	INFO	Enabled item pipelines:
['WeiboSearch.pipelines.TimePipeline',
 'WeiboSearch.pipelines.WeiboSpiderPipeline',
 'WeiboSearch.pipelines.MongoPipeline']
2020-02-06 10:54:56	scrapy.core.engine	INFO	Spider opened
2020-02-06 10:54:56	scrapy.extensions.logstats	INFO	Crawled 0 pages (at 0 pages/min), scraped 0 items (at 0 items/min)
2020-02-06 10:54:56	scrapy.extensions.telnet	INFO	Telnet console listening on 127.0.0.1:6023
2020-02-06 10:54:56	urllib3.connectionpool	DEBUG	Starting new HTTP connection (1): 127.0.0.1:5000
2020-02-06 10:54:56	scrapy.core.engine	DEBUG	Crawled (200) <GET https://weibo.cn/search/mblog?hideSearchFrame=&keyword=%E6%96%B0%E5%9E%8B%E8%82%BA%E7%82%8E%E6%97%A5%E6%9C%AC%E5%9B%BD%E5%86%85%E3%81%A7%E5%88%9D%E7%A2%BA%E8%AA%8D&advancedfilter=1&starttime=20200115&endtime=20200116&sort=time&hasori=1> (referer: None)
2020-02-06 10:54:57	scrapy.core.scraper	DEBUG	Scraped from <200 https://weibo.cn/search/mblog?hideSearchFrame=&keyword=%E6%96%B0%E5%9E%8B%E8%82%BA%E7%82%8E%E6%97%A5%E6%9C%AC%E5%9B%BD%E5%86%85%E3%81%A7%E5%88%9D%E7%A2%BA%E8%AA%8D&advancedfilter=1&starttime=20200115&endtime=20200116&sort=time&hasori=1>
{'crawled_at': '2020-02-06 10:54:57',
 'created_at': '2020-01-16 22:29',
 'favorite_count': 0,
 'id_str': '6367841796_IpNzkrnPt',
 'reply_count': 0,
 'retweet_count': 0,
 'source': 'Weibo.intl',
 'text': '【武漢への渡航歴】中国で流行の新型肺炎、日本で初確認http://t.cn/A6vieUJg国立感染症研究所のウイルス検査で陽性反応を確認。国内での患者の確認は初めてで、政府は関係省庁との間で対応を協議するとみられる。',
 'user': '6367841796',
 'username': '媗妅',
 'weibo_url': 'https://weibo.com/6367841796/IpNzkrnPt'}
2020-02-06 10:54:57	urllib3.connectionpool	DEBUG	Starting new HTTP connection (1): 127.0.0.1:5000
2020-02-06 10:54:57	urllib3.connectionpool	DEBUG	Starting new HTTP connection (1): 127.0.0.1:5000
2020-02-06 10:54:57	scrapy.core.scraper	DEBUG	Scraped from <200 https://weibo.cn/search/mblog?hideSearchFrame=&keyword=%E6%96%B0%E5%9E%8B%E8%82%BA%E7%82%8E%E6%97%A5%E6%9C%AC%E5%9B%BD%E5%86%85%E3%81%A7%E5%88%9D%E7%A2%BA%E8%AA%8D&advancedfilter=1&starttime=20200115&endtime=20200116&sort=time&hasori=1>
{'crawled_at': '2020-02-06 10:54:57',
 'created_at': '2020-01-16 22:10',
 'favorite_count': 0,
 'id_str': '7316610033_IpNrDwoEC',
 'place': True,
 'reply_count': 0,
 'retweet_count': 0,
 'source': 'Android客户端',
 'text': '新型肺炎日本国内で初確認、今月末には春節控え・・・武漢からの中国籍男性http://t.cn/A6vir4TD',
 'user': '7316610033',
 'username': 'zuoteng19th',
 'weibo_url': 'https://weibo.com/7316610033/IpNrDwoEC'}
2020-02-06 10:54:57	scrapy.core.scraper	DEBUG	Scraped from <200 https://weibo.cn/search/mblog?hideSearchFrame=&keyword=%E6%96%B0%E5%9E%8B%E8%82%BA%E7%82%8E%E6%97%A5%E6%9C%AC%E5%9B%BD%E5%86%85%E3%81%A7%E5%88%9D%E7%A2%BA%E8%AA%8D&advancedfilter=1&starttime=20200115&endtime=20200116&sort=time&hasori=1>
{'crawled_at': '2020-02-06 10:54:57',
 'created_at': '2020-01-16 10:57',
 'favorite_count': 2,
 'id_str': '1880219171_IpJ2BngEN',
 'reply_count': 0,
 'retweet_count': 1,
 'source': '微博 weibo.com',
 'text': '新型肺炎、日本で初確認中国・武漢への渡航歴日本国内で初確認された新型肺炎患者は中国人「ほかに肺炎が疑われる人なし」と厚労省厚生労働省によると、新型の肺炎が確認された男性は退院後、自宅で療養している。発熱はないが、軽いせきは出ているという。',
 'user': '1880219171',
 'username': 'Chiakichn',
 'weibo_url': 'https://weibo.com/1880219171/IpJ2BngEN'}
2020-02-06 10:54:57	urllib3.connectionpool	DEBUG	Starting new HTTP connection (1): 127.0.0.1:5000
2020-02-06 10:54:57	scrapy.core.scraper	DEBUG	Scraped from <200 https://weibo.cn/search/mblog?hideSearchFrame=&keyword=%E6%96%B0%E5%9E%8B%E8%82%BA%E7%82%8E%E6%97%A5%E6%9C%AC%E5%9B%BD%E5%86%85%E3%81%A7%E5%88%9D%E7%A2%BA%E8%AA%8D&advancedfilter=1&starttime=20200115&endtime=20200116&sort=time&hasori=1>
{'crawled_at': '2020-02-06 10:54:57',
 'created_at': '2020-01-16 09:30',
 'favorite_count': 0,
 'id_str': '7320370126_IpIt0nWbF',
 'reply_count': 2,
 'retweet_count': 0,
 'source': '微博 weibo.com',
 'text': '#日语读解##新型肺炎#中国中部の湖北省武漢市で原因不明の肺炎の発症が相次いでいる問題で、武漢市への渡航歴がある人が日本国内で肺炎の症状を訴え、国立感染症研究所のウイルス検査で同じ肺炎の陽性反応が出ていたことが１６日、関係者の話で分かった。日本国内での患者の確認は初めてで、政府は同日中にも関係省庁との間で対応を協議するとみられる。',
 'user': '7320370126',
 'username': '黄老师日语培训',
 'weibo_url': 'https://weibo.com/7320370126/IpIt0nWbF'}
2020-02-06 10:54:57	urllib3.connectionpool	DEBUG	Starting new HTTP connection (1): 127.0.0.1:5000
2020-02-06 10:54:57	urllib3.connectionpool	DEBUG	Starting new HTTP connection (1): 127.0.0.1:5000
2020-02-06 10:54:58	scrapy.core.engine	DEBUG	Crawled (200) <GET https://weibo.cn/7316610033/IpNrDwoEC> (referer: https://weibo.cn/search/mblog?hideSearchFrame=&keyword=%E6%96%B0%E5%9E%8B%E8%82%BA%E7%82%8E%E6%97%A5%E6%9C%AC%E5%9B%BD%E5%86%85%E3%81%A7%E5%88%9D%E7%A2%BA%E8%AA%8D&advancedfilter=1&starttime=20200115&endtime=20200116&sort=time&hasori=1)
2020-02-06 10:55:31	scrapy.crawler	INFO	Received SIGINT, shutting down gracefully. Send again to force 
2020-02-06 10:55:38	scrapy.utils.log	INFO	Scrapy 1.8.0 started (bot: WeiboSearch)
2020-02-06 10:55:38	scrapy.utils.log	INFO	Versions: lxml 4.4.2.0, libxml2 2.9.9, cssselect 1.1.0, parsel 1.5.2, w3lib 1.21.0, Twisted 19.10.0, Python 3.7.5 (default, Oct 25 2019, 10:52:18) - [Clang 4.0.1 (tags/RELEASE_401/final)], pyOpenSSL 19.1.0 (OpenSSL 1.1.1d  10 Sep 2019), cryptography 2.8, Platform Darwin-19.3.0-x86_64-i386-64bit
2020-02-06 10:55:38	scrapy.crawler	INFO	Overridden settings: {'BOT_NAME': 'WeiboSearch', 'DOWNLOAD_DELAY': 1, 'LOG_ENABLED': '0', 'NEWSPIDER_MODULE': 'WeiboSearch.spiders', 'RETRY_HTTP_CODES': [401, 403, 408, 414, 500, 502, 503, 504], 'SPIDER_MODULES': ['WeiboSearch.spiders']}
2020-02-06 10:55:38	scrapy.extensions.telnet	INFO	Telnet Password: 67cdc0b281f947d5
2020-02-06 10:55:38	scrapy.middleware	INFO	Enabled extensions:
['scrapy.extensions.corestats.CoreStats',
 'scrapy.extensions.telnet.TelnetConsole',
 'scrapy.extensions.memusage.MemoryUsage',
 'scrapy.extensions.logstats.LogStats']
2020-02-06 10:55:38	scrapy.middleware	INFO	Enabled downloader middlewares:
['scrapy.downloadermiddlewares.httpauth.HttpAuthMiddleware',
 'scrapy.downloadermiddlewares.downloadtimeout.DownloadTimeoutMiddleware',
 'scrapy.downloadermiddlewares.defaultheaders.DefaultHeadersMiddleware',
 'scrapy.downloadermiddlewares.useragent.UserAgentMiddleware',
 'scrapy.downloadermiddlewares.retry.RetryMiddleware',
 'WeiboSearch.middlewares.CookiesMiddleware',
 'WeiboSearch.middlewares.ProxyMiddleware',
 'scrapy.downloadermiddlewares.redirect.MetaRefreshMiddleware',
 'scrapy.downloadermiddlewares.httpcompression.HttpCompressionMiddleware',
 'scrapy.downloadermiddlewares.httpproxy.HttpProxyMiddleware',
 'scrapy.downloadermiddlewares.stats.DownloaderStats']
2020-02-06 10:55:38	scrapy.middleware	INFO	Enabled spider middlewares:
['scrapy.spidermiddlewares.httperror.HttpErrorMiddleware',
 'scrapy.spidermiddlewares.offsite.OffsiteMiddleware',
 'scrapy.spidermiddlewares.referer.RefererMiddleware',
 'scrapy.spidermiddlewares.urllength.UrlLengthMiddleware',
 'scrapy.spidermiddlewares.depth.DepthMiddleware']
2020-02-06 10:55:38	scrapy.middleware	INFO	Enabled item pipelines:
['WeiboSearch.pipelines.TimePipeline',
 'WeiboSearch.pipelines.WeiboSpiderPipeline',
 'WeiboSearch.pipelines.MongoPipeline']
2020-02-06 10:55:38	scrapy.core.engine	INFO	Spider opened
2020-02-06 10:55:38	scrapy.extensions.logstats	INFO	Crawled 0 pages (at 0 pages/min), scraped 0 items (at 0 items/min)
2020-02-06 10:55:38	scrapy.extensions.telnet	INFO	Telnet console listening on 127.0.0.1:6023
2020-02-06 10:55:38	urllib3.connectionpool	DEBUG	Starting new HTTP connection (1): 127.0.0.1:5000
2020-02-06 10:55:39	scrapy.core.engine	DEBUG	Crawled (200) <GET https://weibo.cn/search/mblog?hideSearchFrame=&keyword=%E6%96%B0%E5%9E%8B%E8%82%BA%E7%82%8E%E6%97%A5%E6%9C%AC%E5%9B%BD%E5%86%85%E3%81%A7%E5%88%9D%E7%A2%BA%E8%AA%8D&advancedfilter=1&starttime=20200115&endtime=20200116&sort=time&hasori=1> (referer: None)
2020-02-06 10:55:39	scrapy.core.scraper	DEBUG	Scraped from <200 https://weibo.cn/search/mblog?hideSearchFrame=&keyword=%E6%96%B0%E5%9E%8B%E8%82%BA%E7%82%8E%E6%97%A5%E6%9C%AC%E5%9B%BD%E5%86%85%E3%81%A7%E5%88%9D%E7%A2%BA%E8%AA%8D&advancedfilter=1&starttime=20200115&endtime=20200116&sort=time&hasori=1>
{'crawled_at': '2020-02-06 10:55:39',
 'created_at': '2020-01-16 22:29',
 'favorite_count': 0,
 'id_str': '6367841796_IpNzkrnPt',
 'reply_count': 0,
 'retweet_count': 0,
 'source': 'Weibo.intl',
 'text': '【武漢への渡航歴】中国で流行の新型肺炎、日本で初確認http://t.cn/A6vieUJg国立感染症研究所のウイルス検査で陽性反応を確認。国内での患者の確認は初めてで、政府は関係省庁との間で対応を協議するとみられる。',
 'user': '6367841796',
 'username': '媗妅',
 'weibo_url': 'https://weibo.com/6367841796/IpNzkrnPt'}
2020-02-06 10:55:39	scrapy.core.scraper	DEBUG	Scraped from <200 https://weibo.cn/search/mblog?hideSearchFrame=&keyword=%E6%96%B0%E5%9E%8B%E8%82%BA%E7%82%8E%E6%97%A5%E6%9C%AC%E5%9B%BD%E5%86%85%E3%81%A7%E5%88%9D%E7%A2%BA%E8%AA%8D&advancedfilter=1&starttime=20200115&endtime=20200116&sort=time&hasori=1>
{'crawled_at': '2020-02-06 10:55:39',
 'created_at': '2020-01-16 22:10',
 'favorite_count': 0,
 'id_str': '7316610033_IpNrDwoEC',
 'place': True,
 'reply_count': 0,
 'retweet_count': 0,
 'source': 'Android客户端',
 'text': '新型肺炎日本国内で初確認、今月末には春節控え・・・武漢からの中国籍男性http://t.cn/A6vir4TD',
 'user': '7316610033',
 'username': 'zuoteng19th',
 'weibo_url': 'https://weibo.com/7316610033/IpNrDwoEC'}
2020-02-06 10:55:39	scrapy.core.scraper	DEBUG	Scraped from <200 https://weibo.cn/search/mblog?hideSearchFrame=&keyword=%E6%96%B0%E5%9E%8B%E8%82%BA%E7%82%8E%E6%97%A5%E6%9C%AC%E5%9B%BD%E5%86%85%E3%81%A7%E5%88%9D%E7%A2%BA%E8%AA%8D&advancedfilter=1&starttime=20200115&endtime=20200116&sort=time&hasori=1>
{'crawled_at': '2020-02-06 10:55:39',
 'created_at': '2020-01-16 10:57',
 'favorite_count': 2,
 'id_str': '1880219171_IpJ2BngEN',
 'reply_count': 0,
 'retweet_count': 1,
 'source': '微博 weibo.com',
 'text': '新型肺炎、日本で初確認中国・武漢への渡航歴日本国内で初確認された新型肺炎患者は中国人「ほかに肺炎が疑われる人なし」と厚労省厚生労働省によると、新型の肺炎が確認された男性は退院後、自宅で療養している。発熱はないが、軽いせきは出ているという。',
 'user': '1880219171',
 'username': 'Chiakichn',
 'weibo_url': 'https://weibo.com/1880219171/IpJ2BngEN'}
2020-02-06 10:55:39	urllib3.connectionpool	DEBUG	Starting new HTTP connection (1): 127.0.0.1:5000
2020-02-06 10:55:39	urllib3.connectionpool	DEBUG	Starting new HTTP connection (1): 127.0.0.1:5000
2020-02-06 10:55:39	urllib3.connectionpool	DEBUG	Starting new HTTP connection (1): 127.0.0.1:5000
2020-02-06 10:55:39	scrapy.core.scraper	DEBUG	Scraped from <200 https://weibo.cn/search/mblog?hideSearchFrame=&keyword=%E6%96%B0%E5%9E%8B%E8%82%BA%E7%82%8E%E6%97%A5%E6%9C%AC%E5%9B%BD%E5%86%85%E3%81%A7%E5%88%9D%E7%A2%BA%E8%AA%8D&advancedfilter=1&starttime=20200115&endtime=20200116&sort=time&hasori=1>
{'crawled_at': '2020-02-06 10:55:39',
 'created_at': '2020-01-16 09:30',
 'favorite_count': 0,
 'id_str': '7320370126_IpIt0nWbF',
 'reply_count': 2,
 'retweet_count': 0,
 'source': '微博 weibo.com',
 'text': '#日语读解##新型肺炎#中国中部の湖北省武漢市で原因不明の肺炎の発症が相次いでいる問題で、武漢市への渡航歴がある人が日本国内で肺炎の症状を訴え、国立感染症研究所のウイルス検査で同じ肺炎の陽性反応が出ていたことが１６日、関係者の話で分かった。日本国内での患者の確認は初めてで、政府は同日中にも関係省庁との間で対応を協議するとみられる。',
 'user': '7320370126',
 'username': '黄老师日语培训',
 'weibo_url': 'https://weibo.com/7320370126/IpIt0nWbF'}
2020-02-06 10:55:39	urllib3.connectionpool	DEBUG	Starting new HTTP connection (1): 127.0.0.1:5000
2020-02-06 10:55:39	urllib3.connectionpool	DEBUG	Starting new HTTP connection (1): 127.0.0.1:5000
2020-02-06 10:55:40	scrapy.core.engine	DEBUG	Crawled (200) <GET https://weibo.cn/7316610033/IpNrDwoEC> (referer: https://weibo.cn/search/mblog?hideSearchFrame=&keyword=%E6%96%B0%E5%9E%8B%E8%82%BA%E7%82%8E%E6%97%A5%E6%9C%AC%E5%9B%BD%E5%86%85%E3%81%A7%E5%88%9D%E7%A2%BA%E8%AA%8D&advancedfilter=1&starttime=20200115&endtime=20200116&sort=time&hasori=1)
2020-02-06 10:56:24	scrapy.crawler	INFO	Received SIGINT, shutting down gracefully. Send again to force 
2020-02-06 10:56:56	scrapy.utils.log	INFO	Scrapy 1.8.0 started (bot: WeiboSearch)
2020-02-06 10:56:56	scrapy.utils.log	INFO	Versions: lxml 4.4.2.0, libxml2 2.9.9, cssselect 1.1.0, parsel 1.5.2, w3lib 1.21.0, Twisted 19.10.0, Python 3.7.5 (default, Oct 25 2019, 10:52:18) - [Clang 4.0.1 (tags/RELEASE_401/final)], pyOpenSSL 19.1.0 (OpenSSL 1.1.1d  10 Sep 2019), cryptography 2.8, Platform Darwin-19.3.0-x86_64-i386-64bit
2020-02-06 10:56:56	scrapy.crawler	INFO	Overridden settings: {'BOT_NAME': 'WeiboSearch', 'DOWNLOAD_DELAY': 1, 'LOG_ENABLED': '0', 'NEWSPIDER_MODULE': 'WeiboSearch.spiders', 'RETRY_HTTP_CODES': [401, 403, 408, 414, 500, 502, 503, 504], 'SPIDER_MODULES': ['WeiboSearch.spiders']}
2020-02-06 10:56:56	scrapy.extensions.telnet	INFO	Telnet Password: 2f734a36ff6cfa59
2020-02-06 10:56:56	scrapy.middleware	INFO	Enabled extensions:
['scrapy.extensions.corestats.CoreStats',
 'scrapy.extensions.telnet.TelnetConsole',
 'scrapy.extensions.memusage.MemoryUsage',
 'scrapy.extensions.logstats.LogStats']
2020-02-06 10:56:57	scrapy.middleware	INFO	Enabled downloader middlewares:
['scrapy.downloadermiddlewares.httpauth.HttpAuthMiddleware',
 'scrapy.downloadermiddlewares.downloadtimeout.DownloadTimeoutMiddleware',
 'scrapy.downloadermiddlewares.defaultheaders.DefaultHeadersMiddleware',
 'scrapy.downloadermiddlewares.useragent.UserAgentMiddleware',
 'scrapy.downloadermiddlewares.retry.RetryMiddleware',
 'WeiboSearch.middlewares.CookiesMiddleware',
 'WeiboSearch.middlewares.ProxyMiddleware',
 'scrapy.downloadermiddlewares.redirect.MetaRefreshMiddleware',
 'scrapy.downloadermiddlewares.httpcompression.HttpCompressionMiddleware',
 'scrapy.downloadermiddlewares.httpproxy.HttpProxyMiddleware',
 'scrapy.downloadermiddlewares.stats.DownloaderStats']
2020-02-06 10:56:57	scrapy.middleware	INFO	Enabled spider middlewares:
['scrapy.spidermiddlewares.httperror.HttpErrorMiddleware',
 'scrapy.spidermiddlewares.offsite.OffsiteMiddleware',
 'scrapy.spidermiddlewares.referer.RefererMiddleware',
 'scrapy.spidermiddlewares.urllength.UrlLengthMiddleware',
 'scrapy.spidermiddlewares.depth.DepthMiddleware']
2020-02-06 10:56:57	scrapy.middleware	INFO	Enabled item pipelines:
['WeiboSearch.pipelines.TimePipeline',
 'WeiboSearch.pipelines.WeiboSpiderPipeline',
 'WeiboSearch.pipelines.MongoPipeline']
2020-02-06 10:56:57	scrapy.core.engine	INFO	Spider opened
2020-02-06 10:56:57	scrapy.extensions.logstats	INFO	Crawled 0 pages (at 0 pages/min), scraped 0 items (at 0 items/min)
2020-02-06 10:56:57	scrapy.extensions.telnet	INFO	Telnet console listening on 127.0.0.1:6023
2020-02-06 10:56:57	urllib3.connectionpool	DEBUG	Starting new HTTP connection (1): 127.0.0.1:5000
2020-02-06 10:56:58	scrapy.core.engine	DEBUG	Crawled (200) <GET https://weibo.cn/search/mblog?hideSearchFrame=&keyword=%E6%96%B0%E5%9E%8B%E8%82%BA%E7%82%8E%E6%97%A5%E6%9C%AC%E5%9B%BD%E5%86%85%E3%81%A7%E5%88%9D%E7%A2%BA%E8%AA%8D&advancedfilter=1&starttime=20200115&endtime=20200116&sort=time&hasori=1> (referer: None)
2020-02-06 10:56:58	scrapy.core.scraper	DEBUG	Scraped from <200 https://weibo.cn/search/mblog?hideSearchFrame=&keyword=%E6%96%B0%E5%9E%8B%E8%82%BA%E7%82%8E%E6%97%A5%E6%9C%AC%E5%9B%BD%E5%86%85%E3%81%A7%E5%88%9D%E7%A2%BA%E8%AA%8D&advancedfilter=1&starttime=20200115&endtime=20200116&sort=time&hasori=1>
{'crawled_at': '2020-02-06 10:56:58',
 'created_at': '2020-01-16 22:29',
 'favorite_count': 0,
 'id_str': '6367841796_IpNzkrnPt',
 'reply_count': 0,
 'retweet_count': 0,
 'source': 'Weibo.intl',
 'text': '【武漢への渡航歴】中国で流行の新型肺炎、日本で初確認http://t.cn/A6vieUJg国立感染症研究所のウイルス検査で陽性反応を確認。国内での患者の確認は初めてで、政府は関係省庁との間で対応を協議するとみられる。',
 'user': '6367841796',
 'username': '媗妅',
 'weibo_url': 'https://weibo.com/6367841796/IpNzkrnPt'}
2020-02-06 10:56:58	scrapy.core.scraper	DEBUG	Scraped from <200 https://weibo.cn/search/mblog?hideSearchFrame=&keyword=%E6%96%B0%E5%9E%8B%E8%82%BA%E7%82%8E%E6%97%A5%E6%9C%AC%E5%9B%BD%E5%86%85%E3%81%A7%E5%88%9D%E7%A2%BA%E8%AA%8D&advancedfilter=1&starttime=20200115&endtime=20200116&sort=time&hasori=1>
{'crawled_at': '2020-02-06 10:56:58',
 'created_at': '2020-01-16 22:10',
 'favorite_count': 0,
 'id_str': '7316610033_IpNrDwoEC',
 'place': True,
 'reply_count': 0,
 'retweet_count': 0,
 'source': 'Android客户端',
 'text': '新型肺炎日本国内で初確認、今月末には春節控え・・・武漢からの中国籍男性http://t.cn/A6vir4TD',
 'user': '7316610033',
 'username': 'zuoteng19th',
 'weibo_url': 'https://weibo.com/7316610033/IpNrDwoEC'}
2020-02-06 10:56:58	scrapy.core.scraper	DEBUG	Scraped from <200 https://weibo.cn/search/mblog?hideSearchFrame=&keyword=%E6%96%B0%E5%9E%8B%E8%82%BA%E7%82%8E%E6%97%A5%E6%9C%AC%E5%9B%BD%E5%86%85%E3%81%A7%E5%88%9D%E7%A2%BA%E8%AA%8D&advancedfilter=1&starttime=20200115&endtime=20200116&sort=time&hasori=1>
{'crawled_at': '2020-02-06 10:56:58',
 'created_at': '2020-01-16 10:57',
 'favorite_count': 2,
 'id_str': '1880219171_IpJ2BngEN',
 'reply_count': 0,
 'retweet_count': 1,
 'source': '微博 weibo.com',
 'text': '新型肺炎、日本で初確認中国・武漢への渡航歴日本国内で初確認された新型肺炎患者は中国人「ほかに肺炎が疑われる人なし」と厚労省厚生労働省によると、新型の肺炎が確認された男性は退院後、自宅で療養している。発熱はないが、軽いせきは出ているという。',
 'user': '1880219171',
 'username': 'Chiakichn',
 'weibo_url': 'https://weibo.com/1880219171/IpJ2BngEN'}
2020-02-06 10:56:58	urllib3.connectionpool	DEBUG	Starting new HTTP connection (1): 127.0.0.1:5000
2020-02-06 10:56:58	urllib3.connectionpool	DEBUG	Starting new HTTP connection (1): 127.0.0.1:5000
2020-02-06 10:56:58	urllib3.connectionpool	DEBUG	Starting new HTTP connection (1): 127.0.0.1:5000
2020-02-06 10:56:58	urllib3.connectionpool	DEBUG	Starting new HTTP connection (1): 127.0.0.1:5000
2020-02-06 10:56:58	scrapy.core.engine	DEBUG	Crawled (200) <GET https://weibo.cn/7316610033/IpNrDwoEC> (referer: https://weibo.cn/search/mblog?hideSearchFrame=&keyword=%E6%96%B0%E5%9E%8B%E8%82%BA%E7%82%8E%E6%97%A5%E6%9C%AC%E5%9B%BD%E5%86%85%E3%81%A7%E5%88%9D%E7%A2%BA%E8%AA%8D&advancedfilter=1&starttime=20200115&endtime=20200116&sort=time&hasori=1)
2020-02-06 10:57:13	scrapy.core.scraper	DEBUG	Scraped from <200 https://weibo.cn/7316610033/IpNrDwoEC>
{'crawled_at': '2020-02-06 10:57:13',
 'created_at': '2020-01-16 22:10',
 'favorite_count': 0,
 'id_str': '7316610033_IpNrDwoEC',
 'place': '日本',
 'reply_count': 0,
 'retweet_count': 0,
 'source': 'Android客户端',
 'text': '新型肺炎日本国内で初確認、今月末には春節控え・・・武漢からの中国籍男性http://t.cn/A6vir4TD',
 'user': '7316610033',
 'username': 'zuoteng19th',
 'weibo_url': 'https://weibo.com/7316610033/IpNrDwoEC'}
2020-02-06 10:57:14	scrapy.core.engine	DEBUG	Crawled (200) <GET https://weibo.cn/7316610033/info> (referer: https://weibo.cn/search/mblog?hideSearchFrame=&keyword=%E6%96%B0%E5%9E%8B%E8%82%BA%E7%82%8E%E6%97%A5%E6%9C%AC%E5%9B%BD%E5%86%85%E3%81%A7%E5%88%9D%E7%A2%BA%E8%AA%8D&advancedfilter=1&starttime=20200115&endtime=20200116&sort=time&hasori=1)
2020-02-06 10:57:14	urllib3.connectionpool	DEBUG	Starting new HTTP connection (1): 127.0.0.1:5000
2020-02-06 10:57:15	scrapy.core.engine	DEBUG	Crawled (200) <GET https://weibo.cn/6367841796/info> (referer: https://weibo.cn/search/mblog?hideSearchFrame=&keyword=%E6%96%B0%E5%9E%8B%E8%82%BA%E7%82%8E%E6%97%A5%E6%9C%AC%E5%9B%BD%E5%86%85%E3%81%A7%E5%88%9D%E7%A2%BA%E8%AA%8D&advancedfilter=1&starttime=20200115&endtime=20200116&sort=time&hasori=1)
2020-02-06 10:57:15	urllib3.connectionpool	DEBUG	Starting new HTTP connection (1): 127.0.0.1:5000
2020-02-06 10:57:16	scrapy.core.engine	DEBUG	Crawled (200) <GET https://weibo.cn/1880219171/info> (referer: https://weibo.cn/search/mblog?hideSearchFrame=&keyword=%E6%96%B0%E5%9E%8B%E8%82%BA%E7%82%8E%E6%97%A5%E6%9C%AC%E5%9B%BD%E5%86%85%E3%81%A7%E5%88%9D%E7%A2%BA%E8%AA%8D&advancedfilter=1&starttime=20200115&endtime=20200116&sort=time&hasori=1)
2020-02-06 10:57:16	urllib3.connectionpool	DEBUG	Starting new HTTP connection (1): 127.0.0.1:5000
2020-02-06 10:57:18	scrapy.core.engine	DEBUG	Crawled (200) <GET https://weibo.cn/u/7316610033> (referer: https://weibo.cn/7316610033/info)
2020-02-06 10:57:18	scrapy.core.scraper	DEBUG	Scraped from <200 https://weibo.cn/u/7316610033>
{'birthday': '1965-09-05',
 'brief_introduction': '帐户被删除了（笑）这是新帐户。请多多关照！',
 'crawled_at': '2020-02-06 10:57:18',
 'fans_num': 106,
 'follows_num': 91,
 'gender': '男',
 'id': '7316610033',
 'name': 'zuoteng19th',
 'province': '海外',
 'tweets_num': 2600,
 'vip_level': '未开通'}
2020-02-06 10:57:19	scrapy.core.engine	DEBUG	Crawled (200) <GET https://weibo.cn/u/6367841796> (referer: https://weibo.cn/6367841796/info)
2020-02-06 10:57:19	scrapy.core.scraper	DEBUG	Scraped from <200 https://weibo.cn/u/6367841796>
{'brief_introduction': '愚蠢幼稚不成熟！放肆大胆不清醒！',
 'crawled_at': '2020-02-06 10:57:19',
 'fans_num': 257,
 'follows_num': 579,
 'gender': '女',
 'id': '6367841796',
 'name': '媗妅',
 'province': '江苏',
 'tweets_num': 10588,
 'vip_level': '6级'}
2020-02-06 10:57:20	scrapy.core.engine	DEBUG	Crawled (200) <GET https://weibo.cn/u/1880219171> (referer: https://weibo.cn/1880219171/info)
2020-02-06 10:57:20	scrapy.core.scraper	DEBUG	Scraped from <200 https://weibo.cn/u/1880219171>
{'birthday': '白羊座',
 'brief_introduction': '满屏银蝴蝶，一把辛酸泪。都说我脸黑，谁解其中味？',
 'city': '深圳',
 'crawled_at': '2020-02-06 10:57:20',
 'fans_num': 855,
 'follows_num': 481,
 'gender': '男',
 'id': '1880219171',
 'labels': '偶像大师,水本ゆかり,水本紫',
 'name': 'Chiakichn',
 'province': '广东',
 'tweets_num': 11874,
 'vip_level': '5级'}
2020-02-06 10:57:20	scrapy.core.engine	INFO	Closing spider (finished)
2020-02-06 10:57:20	scrapy.statscollectors	INFO	Dumping Scrapy stats:
{'downloader/request_bytes': 5000,
 'downloader/request_count': 8,
 'downloader/request_method_count/GET': 8,
 'downloader/response_bytes': 41158,
 'downloader/response_count': 8,
 'downloader/response_status_count/200': 8,
 'elapsed_time_seconds': 23.183715,
 'finish_reason': 'finished',
 'finish_time': datetime.datetime(2020, 2, 6, 1, 57, 20, 272160),
 'item_scraped_count': 7,
 'log_count/DEBUG': 23,
 'log_count/INFO': 10,
 'memusage/max': 108826624,
 'memusage/startup': 108826624,
 'request_depth_max': 2,
 'response_received_count': 8,
 'scheduler/dequeued': 8,
 'scheduler/dequeued/memory': 8,
 'scheduler/enqueued': 8,
 'scheduler/enqueued/memory': 8,
 'start_time': datetime.datetime(2020, 2, 6, 1, 56, 57, 88445)}
2020-02-06 10:57:20	scrapy.core.engine	INFO	Spider closed (finished)
2020-02-06 11:56:34	scrapy.utils.log	INFO	Scrapy 1.8.0 started (bot: WeiboSearch)
2020-02-06 11:56:34	scrapy.utils.log	INFO	Versions: lxml 4.4.2.0, libxml2 2.9.9, cssselect 1.1.0, parsel 1.5.2, w3lib 1.21.0, Twisted 19.10.0, Python 3.7.5 (default, Oct 25 2019, 10:52:18) - [Clang 4.0.1 (tags/RELEASE_401/final)], pyOpenSSL 19.1.0 (OpenSSL 1.1.1d  10 Sep 2019), cryptography 2.8, Platform Darwin-19.3.0-x86_64-i386-64bit
2020-02-06 11:56:34	scrapy.crawler	INFO	Overridden settings: {'BOT_NAME': 'WeiboSearch', 'DOWNLOAD_DELAY': 1, 'LOG_ENABLED': '0', 'NEWSPIDER_MODULE': 'WeiboSearch.spiders', 'RETRY_HTTP_CODES': [401, 403, 408, 414, 500, 502, 503, 504], 'SPIDER_MODULES': ['WeiboSearch.spiders']}
2020-02-06 11:56:34	scrapy.extensions.telnet	INFO	Telnet Password: 7d75feff784f0fff
2020-02-06 11:56:34	scrapy.middleware	INFO	Enabled extensions:
['scrapy.extensions.corestats.CoreStats',
 'scrapy.extensions.telnet.TelnetConsole',
 'scrapy.extensions.memusage.MemoryUsage',
 'scrapy.extensions.logstats.LogStats']
2020-02-06 11:56:35	scrapy.middleware	INFO	Enabled downloader middlewares:
['scrapy.downloadermiddlewares.httpauth.HttpAuthMiddleware',
 'scrapy.downloadermiddlewares.downloadtimeout.DownloadTimeoutMiddleware',
 'scrapy.downloadermiddlewares.defaultheaders.DefaultHeadersMiddleware',
 'scrapy.downloadermiddlewares.useragent.UserAgentMiddleware',
 'scrapy.downloadermiddlewares.retry.RetryMiddleware',
 'WeiboSearch.middlewares.CookiesMiddleware',
 'WeiboSearch.middlewares.ProxyMiddleware',
 'scrapy.downloadermiddlewares.redirect.MetaRefreshMiddleware',
 'scrapy.downloadermiddlewares.httpcompression.HttpCompressionMiddleware',
 'scrapy.downloadermiddlewares.httpproxy.HttpProxyMiddleware',
 'scrapy.downloadermiddlewares.stats.DownloaderStats']
2020-02-06 11:56:35	scrapy.middleware	INFO	Enabled spider middlewares:
['scrapy.spidermiddlewares.httperror.HttpErrorMiddleware',
 'scrapy.spidermiddlewares.offsite.OffsiteMiddleware',
 'scrapy.spidermiddlewares.referer.RefererMiddleware',
 'scrapy.spidermiddlewares.urllength.UrlLengthMiddleware',
 'scrapy.spidermiddlewares.depth.DepthMiddleware']
2020-02-06 11:56:35	scrapy.middleware	INFO	Enabled item pipelines:
['WeiboSearch.pipelines.TimePipeline',
 'WeiboSearch.pipelines.WeiboSpiderPipeline',
 'WeiboSearch.pipelines.MongoPipeline']
2020-02-06 11:56:35	scrapy.core.engine	INFO	Spider opened
2020-02-06 11:56:35	scrapy.extensions.logstats	INFO	Crawled 0 pages (at 0 pages/min), scraped 0 items (at 0 items/min)
2020-02-06 11:56:35	scrapy.extensions.telnet	INFO	Telnet console listening on 127.0.0.1:6023
2020-02-06 11:56:35	urllib3.connectionpool	DEBUG	Starting new HTTP connection (1): 127.0.0.1:5000
2020-02-06 11:56:36	scrapy.core.engine	DEBUG	Crawled (200) <GET https://weibo.cn/search/mblog?hideSearchFrame=&keyword=%E4%B8%80%E9%BE%99%E5%93%A5%E5%93%A5%EF%BC%8C%E8%BF%99%E4%B8%A4%E5%A4%A9%E6%AD%A6%E6%B1%89%EF%BC%8C%E4%B8%8A%E6%B5%B7%EF%BC%8C%E6%B7%B1%E5%9C%B3%E7%AD%89%E5%9C%B0%E9%83%BD%E5%87%BA%E7%8E%B0%E4%BA%86%E4%B8%8D%E7%9F%A5%E5%90%8D%E8%82%BA%E7%82%8E&advancedfilter=1&starttime=20200118&endtime=20200119&sort=time&hasori=1> (referer: None)
2020-02-06 12:01:55	scrapy.crawler	INFO	Received SIGINT, shutting down gracefully. Send again to force 
2020-02-06 18:24:33	scrapy.utils.log	INFO	Scrapy 1.8.0 started (bot: WeiboSearch)
2020-02-06 18:24:33	scrapy.utils.log	INFO	Versions: lxml 4.4.2.0, libxml2 2.9.9, cssselect 1.1.0, parsel 1.5.2, w3lib 1.21.0, Twisted 19.10.0, Python 3.7.5 (default, Oct 25 2019, 10:52:18) - [Clang 4.0.1 (tags/RELEASE_401/final)], pyOpenSSL 19.1.0 (OpenSSL 1.1.1d  10 Sep 2019), cryptography 2.8, Platform Darwin-19.3.0-x86_64-i386-64bit
2020-02-06 18:24:33	scrapy.crawler	INFO	Overridden settings: {'BOT_NAME': 'WeiboSearch', 'DOWNLOAD_DELAY': 1, 'LOG_ENABLED': '0', 'NEWSPIDER_MODULE': 'WeiboSearch.spiders', 'RETRY_HTTP_CODES': [401, 403, 408, 414, 500, 502, 503, 504], 'SPIDER_MODULES': ['WeiboSearch.spiders']}
2020-02-06 18:24:33	scrapy.extensions.telnet	INFO	Telnet Password: 3157098bb3845447
2020-02-06 18:24:33	scrapy.middleware	INFO	Enabled extensions:
['scrapy.extensions.corestats.CoreStats',
 'scrapy.extensions.telnet.TelnetConsole',
 'scrapy.extensions.memusage.MemoryUsage',
 'scrapy.extensions.logstats.LogStats']
2020-02-06 18:24:34	scrapy.middleware	INFO	Enabled downloader middlewares:
['scrapy.downloadermiddlewares.httpauth.HttpAuthMiddleware',
 'scrapy.downloadermiddlewares.downloadtimeout.DownloadTimeoutMiddleware',
 'scrapy.downloadermiddlewares.defaultheaders.DefaultHeadersMiddleware',
 'scrapy.downloadermiddlewares.useragent.UserAgentMiddleware',
 'scrapy.downloadermiddlewares.retry.RetryMiddleware',
 'WeiboSearch.middlewares.CookiesMiddleware',
 'WeiboSearch.middlewares.ProxyMiddleware',
 'scrapy.downloadermiddlewares.redirect.MetaRefreshMiddleware',
 'scrapy.downloadermiddlewares.httpcompression.HttpCompressionMiddleware',
 'scrapy.downloadermiddlewares.httpproxy.HttpProxyMiddleware',
 'scrapy.downloadermiddlewares.stats.DownloaderStats']
2020-02-06 18:24:34	scrapy.middleware	INFO	Enabled spider middlewares:
['scrapy.spidermiddlewares.httperror.HttpErrorMiddleware',
 'scrapy.spidermiddlewares.offsite.OffsiteMiddleware',
 'scrapy.spidermiddlewares.referer.RefererMiddleware',
 'scrapy.spidermiddlewares.urllength.UrlLengthMiddleware',
 'scrapy.spidermiddlewares.depth.DepthMiddleware']
2020-02-06 18:24:34	scrapy.middleware	INFO	Enabled item pipelines:
['WeiboSearch.pipelines.TimePipeline',
 'WeiboSearch.pipelines.WeiboSpiderPipeline',
 'WeiboSearch.pipelines.MongoPipeline']
2020-02-06 18:24:34	scrapy.core.engine	INFO	Spider opened
2020-02-06 18:24:34	scrapy.extensions.logstats	INFO	Crawled 0 pages (at 0 pages/min), scraped 0 items (at 0 items/min)
2020-02-06 18:24:34	scrapy.extensions.telnet	INFO	Telnet console listening on 127.0.0.1:6023
2020-02-06 18:24:34	urllib3.connectionpool	DEBUG	Starting new HTTP connection (1): 127.0.0.1:5000
2020-02-06 18:24:35	scrapy.core.engine	DEBUG	Crawled (200) <GET https://weibo.cn/search/mblog?hideSearchFrame=&keyword=%E9%83%91%E5%B7%9E%20%E4%BB%8E%E6%AD%A6%E6%B1%89%E4%BA%A7%E4%B8%9A%E7%BB%93%E6%9E%84%E7%9C%8B%E8%82%BA%E7%82%8E%E7%96%AB%E6%83%85%E5%AF%B9%E4%BA%A7%E4%B8%9A%E9%93%BE%E7%9A%84%E5%BD%B1%E5%93%8D%E3%80%91%E6%AD%A6%E6%B1%89%E4%B8%8D%E4%BB%85%E6%98%AF%E4%B8%AD%E9%83%A8%E7%9A%84%E4%B8%AD%E5%BF%83%E5%9F%8E%E5%B8%82%EF%BC%8C%E6%9B%B4%E6%98%AF%E4%B8%AD%E5%9B%BD%E5%88%B6%E9%80%A0%E4%B8%9A%E4%BA%A7%E4%B8%9A%E9%93%BE%E4%B8%8A%E7%9A%84%E5%85%B3%E9%94%AE%E4%B8%80%E7%8E%AF%EF%BC%8C%E5%9C%A8%E7%94%B5%E5%AD%90%E3%80%81%E6%B1%BD%E8%BD%A6%E3%80%81%E5%8C%BB%E8%8D%AF%E7%AD%89%E9%A2%86%E5%9F%9F%E6%8B%A5%E6%9C%89%E6%88%90%E8%A7%84%E6%A8%A1%E7%9A%84%E4%BA%A7%E4%B8%9A%E9%9B%86%E7%BE%A4%EF%BC%8C%E4%B8%80%E6%97%A6%E6%AD%A6%E6%B1%89%E7%9A%84%E7%94%9F%E4%BA%A7%E5%92%8C%E7%89%A9%E6%B5%81%E5%81%9C%E6%AD%A2%EF%BC%8C%E4%B8%80%E4%BA%9B%E6%B9%96%E5%8C%97%E4%B9%8B%E5%A4%96%E7%9A%84%E5%88%B6%E9%80%A0%E4%BC%81%E4%B8%9A%E5%8F%AF%E8%83%BD%E4%B9%9F%E4%BC%9A%E9%9D%A2%E4%B8%B4%E6%96%AD%E4%BE%9B%E5%81%9C%E4%BA%A7%E7%9A%84%E9%97%AE%E9%A2%98%E3%80%82&advancedfilter=1&starttime=20200129&endtime=20200130&sort=time&hasori=1> (referer: None)
2020-02-06 18:25:27	urllib3.connectionpool	DEBUG	Starting new HTTP connection (1): 127.0.0.1:5000
2020-02-06 18:25:27	scrapy.core.scraper	DEBUG	Scraped from <200 https://weibo.cn/search/mblog?hideSearchFrame=&keyword=%E9%83%91%E5%B7%9E%20%E4%BB%8E%E6%AD%A6%E6%B1%89%E4%BA%A7%E4%B8%9A%E7%BB%93%E6%9E%84%E7%9C%8B%E8%82%BA%E7%82%8E%E7%96%AB%E6%83%85%E5%AF%B9%E4%BA%A7%E4%B8%9A%E9%93%BE%E7%9A%84%E5%BD%B1%E5%93%8D%E3%80%91%E6%AD%A6%E6%B1%89%E4%B8%8D%E4%BB%85%E6%98%AF%E4%B8%AD%E9%83%A8%E7%9A%84%E4%B8%AD%E5%BF%83%E5%9F%8E%E5%B8%82%EF%BC%8C%E6%9B%B4%E6%98%AF%E4%B8%AD%E5%9B%BD%E5%88%B6%E9%80%A0%E4%B8%9A%E4%BA%A7%E4%B8%9A%E9%93%BE%E4%B8%8A%E7%9A%84%E5%85%B3%E9%94%AE%E4%B8%80%E7%8E%AF%EF%BC%8C%E5%9C%A8%E7%94%B5%E5%AD%90%E3%80%81%E6%B1%BD%E8%BD%A6%E3%80%81%E5%8C%BB%E8%8D%AF%E7%AD%89%E9%A2%86%E5%9F%9F%E6%8B%A5%E6%9C%89%E6%88%90%E8%A7%84%E6%A8%A1%E7%9A%84%E4%BA%A7%E4%B8%9A%E9%9B%86%E7%BE%A4%EF%BC%8C%E4%B8%80%E6%97%A6%E6%AD%A6%E6%B1%89%E7%9A%84%E7%94%9F%E4%BA%A7%E5%92%8C%E7%89%A9%E6%B5%81%E5%81%9C%E6%AD%A2%EF%BC%8C%E4%B8%80%E4%BA%9B%E6%B9%96%E5%8C%97%E4%B9%8B%E5%A4%96%E7%9A%84%E5%88%B6%E9%80%A0%E4%BC%81%E4%B8%9A%E5%8F%AF%E8%83%BD%E4%B9%9F%E4%BC%9A%E9%9D%A2%E4%B8%B4%E6%96%AD%E4%BE%9B%E5%81%9C%E4%BA%A7%E7%9A%84%E9%97%AE%E9%A2%98%E3%80%82&advancedfilter=1&starttime=20200129&endtime=20200130&sort=time&hasori=1>
{'crawled_at': '2020-02-06 18:25:27',
 'created_at': '2020-01-30 23:22',
 'favorite_count': 1,
 'id_str': '3079255185_IrVTIjNRD',
 'image_url': 'http://wx1.sinaimg.cn/wap180/b789b491ly1gbf02bbq5lj20hx0e0myy.jpg',
 'place': True,
 'reply_count': 0,
 'retweet_count': 0,
 'source': 'vivo X23全息幻彩',
 'text': '@郑州优可好微信公众号阅读更多精彩内容【从武汉产业结构看肺炎疫情对产业链的影响】武汉不仅是中部的中心城市，更是中国制造业产业链上的关键一环，在电子、汽车、医药等领域拥有成规模的产业集群，一旦武汉的生产和物流停止，一些湖北之外的制造企业可能也会面临断供停产的问题。我们从武汉的产业结构分析当前的肺炎疫情造成的武汉封城将对中国制造业产业链有哪些潜在影响。',
 'user': '3079255185',
 'username': '优可好-让生活更美好',
 'weibo_url': 'https://weibo.com/3079255185/IrVTIjNRD'}
2020-02-06 18:25:30	urllib3.connectionpool	DEBUG	Starting new HTTP connection (1): 127.0.0.1:5000
2020-02-06 18:25:30	urllib3.connectionpool	DEBUG	Starting new HTTP connection (1): 127.0.0.1:5000
2020-02-06 18:25:30	scrapy.core.scraper	DEBUG	Scraped from <200 https://weibo.cn/search/mblog?hideSearchFrame=&keyword=%E9%83%91%E5%B7%9E%20%E4%BB%8E%E6%AD%A6%E6%B1%89%E4%BA%A7%E4%B8%9A%E7%BB%93%E6%9E%84%E7%9C%8B%E8%82%BA%E7%82%8E%E7%96%AB%E6%83%85%E5%AF%B9%E4%BA%A7%E4%B8%9A%E9%93%BE%E7%9A%84%E5%BD%B1%E5%93%8D%E3%80%91%E6%AD%A6%E6%B1%89%E4%B8%8D%E4%BB%85%E6%98%AF%E4%B8%AD%E9%83%A8%E7%9A%84%E4%B8%AD%E5%BF%83%E5%9F%8E%E5%B8%82%EF%BC%8C%E6%9B%B4%E6%98%AF%E4%B8%AD%E5%9B%BD%E5%88%B6%E9%80%A0%E4%B8%9A%E4%BA%A7%E4%B8%9A%E9%93%BE%E4%B8%8A%E7%9A%84%E5%85%B3%E9%94%AE%E4%B8%80%E7%8E%AF%EF%BC%8C%E5%9C%A8%E7%94%B5%E5%AD%90%E3%80%81%E6%B1%BD%E8%BD%A6%E3%80%81%E5%8C%BB%E8%8D%AF%E7%AD%89%E9%A2%86%E5%9F%9F%E6%8B%A5%E6%9C%89%E6%88%90%E8%A7%84%E6%A8%A1%E7%9A%84%E4%BA%A7%E4%B8%9A%E9%9B%86%E7%BE%A4%EF%BC%8C%E4%B8%80%E6%97%A6%E6%AD%A6%E6%B1%89%E7%9A%84%E7%94%9F%E4%BA%A7%E5%92%8C%E7%89%A9%E6%B5%81%E5%81%9C%E6%AD%A2%EF%BC%8C%E4%B8%80%E4%BA%9B%E6%B9%96%E5%8C%97%E4%B9%8B%E5%A4%96%E7%9A%84%E5%88%B6%E9%80%A0%E4%BC%81%E4%B8%9A%E5%8F%AF%E8%83%BD%E4%B9%9F%E4%BC%9A%E9%9D%A2%E4%B8%B4%E6%96%AD%E4%BE%9B%E5%81%9C%E4%BA%A7%E7%9A%84%E9%97%AE%E9%A2%98%E3%80%82&advancedfilter=1&starttime=20200129&endtime=20200130&sort=time&hasori=1>
{'crawled_at': '2020-02-06 18:25:30',
 'created_at': '2020-01-30 23:12',
 'favorite_count': 1,
 'id_str': '7380560940_IrVPQC14f',
 'image_url': 'http://wx2.sinaimg.cn/wap180/0083u53uly1gbezsdm7xwj30hx0e076o.jpg',
 'place': True,
 'reply_count': 0,
 'retweet_count': 0,
 'source': 'vivo X23全息幻彩',
 'text': '@郑州优可好微信公众号阅读更多精彩内容【从武汉产业结构看肺炎疫情对产业链的影响】武汉不仅是中部的中心城市，更是中国制造业产业链上的关键一环，在电子、汽车、医药等领域拥有成规模的产业集群，一旦武汉的生产和物流停止，一些湖北之外的制造企业可能也会面临断供停产的问题。我们从武汉的产业结构分析当前的肺炎疫情造成的武汉封城将对中国制造业产业链有哪些潜在影响。',
 'user': '7380560940',
 'username': '韩可好2002',
 'weibo_url': 'https://weibo.com/7380560940/IrVPQC14f'}
2020-02-06 18:25:30	urllib3.connectionpool	DEBUG	Starting new HTTP connection (1): 127.0.0.1:5000
2020-02-06 18:25:30	scrapy.core.engine	DEBUG	Crawled (200) <GET https://weibo.cn/3079255185/IrVTIjNRD> (referer: https://weibo.cn/search/mblog?hideSearchFrame=&keyword=%E9%83%91%E5%B7%9E%20%E4%BB%8E%E6%AD%A6%E6%B1%89%E4%BA%A7%E4%B8%9A%E7%BB%93%E6%9E%84%E7%9C%8B%E8%82%BA%E7%82%8E%E7%96%AB%E6%83%85%E5%AF%B9%E4%BA%A7%E4%B8%9A%E9%93%BE%E7%9A%84%E5%BD%B1%E5%93%8D%E3%80%91%E6%AD%A6%E6%B1%89%E4%B8%8D%E4%BB%85%E6%98%AF%E4%B8%AD%E9%83%A8%E7%9A%84%E4%B8%AD%E5%BF%83%E5%9F%8E%E5%B8%82%EF%BC%8C%E6%9B%B4%E6%98%AF%E4%B8%AD%E5%9B%BD%E5%88%B6%E9%80%A0%E4%B8%9A%E4%BA%A7%E4%B8%9A%E9%93%BE%E4%B8%8A%E7%9A%84%E5%85%B3%E9%94%AE%E4%B8%80%E7%8E%AF%EF%BC%8C%E5%9C%A8%E7%94%B5%E5%AD%90%E3%80%81%E6%B1%BD%E8%BD%A6%E3%80%81%E5%8C%BB%E8%8D%AF%E7%AD%89%E9%A2%86%E5%9F%9F%E6%8B%A5%E6%9C%89%E6%88%90%E8%A7%84%E6%A8%A1%E7%9A%84%E4%BA%A7%E4%B8%9A%E9%9B%86%E7%BE%A4%EF%BC%8C%E4%B8%80%E6%97%A6%E6%AD%A6%E6%B1%89%E7%9A%84%E7%94%9F%E4%BA%A7%E5%92%8C%E7%89%A9%E6%B5%81%E5%81%9C%E6%AD%A2%EF%BC%8C%E4%B8%80%E4%BA%9B%E6%B9%96%E5%8C%97%E4%B9%8B%E5%A4%96%E7%9A%84%E5%88%B6%E9%80%A0%E4%BC%81%E4%B8%9A%E5%8F%AF%E8%83%BD%E4%B9%9F%E4%BC%9A%E9%9D%A2%E4%B8%B4%E6%96%AD%E4%BE%9B%E5%81%9C%E4%BA%A7%E7%9A%84%E9%97%AE%E9%A2%98%E3%80%82&advancedfilter=1&starttime=20200129&endtime=20200130&sort=time&hasori=1)
2020-02-06 18:25:30	scrapy.core.engine	DEBUG	Crawled (200) <GET https://weibo.cn/7380560940/IrVPQC14f> (referer: https://weibo.cn/search/mblog?hideSearchFrame=&keyword=%E9%83%91%E5%B7%9E%20%E4%BB%8E%E6%AD%A6%E6%B1%89%E4%BA%A7%E4%B8%9A%E7%BB%93%E6%9E%84%E7%9C%8B%E8%82%BA%E7%82%8E%E7%96%AB%E6%83%85%E5%AF%B9%E4%BA%A7%E4%B8%9A%E9%93%BE%E7%9A%84%E5%BD%B1%E5%93%8D%E3%80%91%E6%AD%A6%E6%B1%89%E4%B8%8D%E4%BB%85%E6%98%AF%E4%B8%AD%E9%83%A8%E7%9A%84%E4%B8%AD%E5%BF%83%E5%9F%8E%E5%B8%82%EF%BC%8C%E6%9B%B4%E6%98%AF%E4%B8%AD%E5%9B%BD%E5%88%B6%E9%80%A0%E4%B8%9A%E4%BA%A7%E4%B8%9A%E9%93%BE%E4%B8%8A%E7%9A%84%E5%85%B3%E9%94%AE%E4%B8%80%E7%8E%AF%EF%BC%8C%E5%9C%A8%E7%94%B5%E5%AD%90%E3%80%81%E6%B1%BD%E8%BD%A6%E3%80%81%E5%8C%BB%E8%8D%AF%E7%AD%89%E9%A2%86%E5%9F%9F%E6%8B%A5%E6%9C%89%E6%88%90%E8%A7%84%E6%A8%A1%E7%9A%84%E4%BA%A7%E4%B8%9A%E9%9B%86%E7%BE%A4%EF%BC%8C%E4%B8%80%E6%97%A6%E6%AD%A6%E6%B1%89%E7%9A%84%E7%94%9F%E4%BA%A7%E5%92%8C%E7%89%A9%E6%B5%81%E5%81%9C%E6%AD%A2%EF%BC%8C%E4%B8%80%E4%BA%9B%E6%B9%96%E5%8C%97%E4%B9%8B%E5%A4%96%E7%9A%84%E5%88%B6%E9%80%A0%E4%BC%81%E4%B8%9A%E5%8F%AF%E8%83%BD%E4%B9%9F%E4%BC%9A%E9%9D%A2%E4%B8%B4%E6%96%AD%E4%BE%9B%E5%81%9C%E4%BA%A7%E7%9A%84%E9%97%AE%E9%A2%98%E3%80%82&advancedfilter=1&starttime=20200129&endtime=20200130&sort=time&hasori=1)
2020-02-06 18:26:13	scrapy.core.scraper	DEBUG	Scraped from <200 https://weibo.cn/3079255185/IrVTIjNRD>
{'crawled_at': '2020-02-06 18:26:13',
 'created_at': '2020-01-30 23:22',
 'favorite_count': 1,
 'id_str': '3079255185_IrVTIjNRD',
 'image_url': 'http://wx1.sinaimg.cn/wap180/b789b491ly1gbf02bbq5lj20hx0e0myy.jpg',
 'place': '郑州',
 'reply_count': 0,
 'retweet_count': 0,
 'source': 'vivo X23全息幻彩',
 'text': '@郑州优可好微信公众号阅读更多精彩内容【从武汉产业结构看肺炎疫情对产业链的影响】武汉不仅是中部的中心城市，更是中国制造业产业链上的关键一环，在电子、汽车、医药等领域拥有成规模的产业集群，一旦武汉的生产和物流停止，一些湖北之外的制造企业可能也会面临断供停产的问题。我们从武汉的产业结构分析当前的肺炎疫情造成的武汉封城将对中国制造业产业链有哪些潜在影响。',
 'user': '3079255185',
 'username': '优可好-让生活更美好',
 'weibo_url': 'https://weibo.com/3079255185/IrVTIjNRD'}
2020-02-06 18:26:14	scrapy.core.scraper	DEBUG	Scraped from <200 https://weibo.cn/7380560940/IrVPQC14f>
{'crawled_at': '2020-02-06 18:26:14',
 'created_at': '2020-01-30 23:12',
 'favorite_count': 1,
 'id_str': '7380560940_IrVPQC14f',
 'image_url': 'http://wx2.sinaimg.cn/wap180/0083u53uly1gbezsdm7xwj30hx0e076o.jpg',
 'place': '郑州',
 'reply_count': 0,
 'retweet_count': 0,
 'source': 'vivo X23全息幻彩',
 'text': '@郑州优可好微信公众号阅读更多精彩内容【从武汉产业结构看肺炎疫情对产业链的影响】武汉不仅是中部的中心城市，更是中国制造业产业链上的关键一环，在电子、汽车、医药等领域拥有成规模的产业集群，一旦武汉的生产和物流停止，一些湖北之外的制造企业可能也会面临断供停产的问题。我们从武汉的产业结构分析当前的肺炎疫情造成的武汉封城将对中国制造业产业链有哪些潜在影响。',
 'user': '7380560940',
 'username': '韩可好2002',
 'weibo_url': 'https://weibo.com/7380560940/IrVPQC14f'}
2020-02-06 18:26:14	scrapy.extensions.logstats	INFO	Crawled 3 pages (at 3 pages/min), scraped 4 items (at 4 items/min)
2020-02-06 18:26:15	scrapy.core.downloader.tls	WARNING	Remote certificate is not valid for hostname "weibo.cn"; VerificationError(errors=[DNSMismatch(mismatched_id=DNS_ID(hostname=b'weibo.cn'))])
2020-02-06 18:26:15	scrapy.core.engine	DEBUG	Crawled (302) <GET https://weibo.cn/3079255185/info> (referer: https://weibo.cn/search/mblog?hideSearchFrame=&keyword=%E9%83%91%E5%B7%9E%20%E4%BB%8E%E6%AD%A6%E6%B1%89%E4%BA%A7%E4%B8%9A%E7%BB%93%E6%9E%84%E7%9C%8B%E8%82%BA%E7%82%8E%E7%96%AB%E6%83%85%E5%AF%B9%E4%BA%A7%E4%B8%9A%E9%93%BE%E7%9A%84%E5%BD%B1%E5%93%8D%E3%80%91%E6%AD%A6%E6%B1%89%E4%B8%8D%E4%BB%85%E6%98%AF%E4%B8%AD%E9%83%A8%E7%9A%84%E4%B8%AD%E5%BF%83%E5%9F%8E%E5%B8%82%EF%BC%8C%E6%9B%B4%E6%98%AF%E4%B8%AD%E5%9B%BD%E5%88%B6%E9%80%A0%E4%B8%9A%E4%BA%A7%E4%B8%9A%E9%93%BE%E4%B8%8A%E7%9A%84%E5%85%B3%E9%94%AE%E4%B8%80%E7%8E%AF%EF%BC%8C%E5%9C%A8%E7%94%B5%E5%AD%90%E3%80%81%E6%B1%BD%E8%BD%A6%E3%80%81%E5%8C%BB%E8%8D%AF%E7%AD%89%E9%A2%86%E5%9F%9F%E6%8B%A5%E6%9C%89%E6%88%90%E8%A7%84%E6%A8%A1%E7%9A%84%E4%BA%A7%E4%B8%9A%E9%9B%86%E7%BE%A4%EF%BC%8C%E4%B8%80%E6%97%A6%E6%AD%A6%E6%B1%89%E7%9A%84%E7%94%9F%E4%BA%A7%E5%92%8C%E7%89%A9%E6%B5%81%E5%81%9C%E6%AD%A2%EF%BC%8C%E4%B8%80%E4%BA%9B%E6%B9%96%E5%8C%97%E4%B9%8B%E5%A4%96%E7%9A%84%E5%88%B6%E9%80%A0%E4%BC%81%E4%B8%9A%E5%8F%AF%E8%83%BD%E4%B9%9F%E4%BC%9A%E9%9D%A2%E4%B8%B4%E6%96%AD%E4%BE%9B%E5%81%9C%E4%BA%A7%E7%9A%84%E9%97%AE%E9%A2%98%E3%80%82&advancedfilter=1&starttime=20200129&endtime=20200130&sort=time&hasori=1)
2020-02-06 18:26:15	scrapy.spidermiddlewares.httperror	INFO	Ignoring response <302 https://weibo.cn/3079255185/info>: HTTP status code is not handled or not allowed
2020-02-06 18:26:16	scrapy.core.downloader.tls	WARNING	Remote certificate is not valid for hostname "weibo.cn"; VerificationError(errors=[DNSMismatch(mismatched_id=DNS_ID(hostname=b'weibo.cn'))])
2020-02-06 18:26:16	scrapy.core.engine	DEBUG	Crawled (302) <GET https://weibo.cn/7380560940/info> (referer: https://weibo.cn/search/mblog?hideSearchFrame=&keyword=%E9%83%91%E5%B7%9E%20%E4%BB%8E%E6%AD%A6%E6%B1%89%E4%BA%A7%E4%B8%9A%E7%BB%93%E6%9E%84%E7%9C%8B%E8%82%BA%E7%82%8E%E7%96%AB%E6%83%85%E5%AF%B9%E4%BA%A7%E4%B8%9A%E9%93%BE%E7%9A%84%E5%BD%B1%E5%93%8D%E3%80%91%E6%AD%A6%E6%B1%89%E4%B8%8D%E4%BB%85%E6%98%AF%E4%B8%AD%E9%83%A8%E7%9A%84%E4%B8%AD%E5%BF%83%E5%9F%8E%E5%B8%82%EF%BC%8C%E6%9B%B4%E6%98%AF%E4%B8%AD%E5%9B%BD%E5%88%B6%E9%80%A0%E4%B8%9A%E4%BA%A7%E4%B8%9A%E9%93%BE%E4%B8%8A%E7%9A%84%E5%85%B3%E9%94%AE%E4%B8%80%E7%8E%AF%EF%BC%8C%E5%9C%A8%E7%94%B5%E5%AD%90%E3%80%81%E6%B1%BD%E8%BD%A6%E3%80%81%E5%8C%BB%E8%8D%AF%E7%AD%89%E9%A2%86%E5%9F%9F%E6%8B%A5%E6%9C%89%E6%88%90%E8%A7%84%E6%A8%A1%E7%9A%84%E4%BA%A7%E4%B8%9A%E9%9B%86%E7%BE%A4%EF%BC%8C%E4%B8%80%E6%97%A6%E6%AD%A6%E6%B1%89%E7%9A%84%E7%94%9F%E4%BA%A7%E5%92%8C%E7%89%A9%E6%B5%81%E5%81%9C%E6%AD%A2%EF%BC%8C%E4%B8%80%E4%BA%9B%E6%B9%96%E5%8C%97%E4%B9%8B%E5%A4%96%E7%9A%84%E5%88%B6%E9%80%A0%E4%BC%81%E4%B8%9A%E5%8F%AF%E8%83%BD%E4%B9%9F%E4%BC%9A%E9%9D%A2%E4%B8%B4%E6%96%AD%E4%BE%9B%E5%81%9C%E4%BA%A7%E7%9A%84%E9%97%AE%E9%A2%98%E3%80%82&advancedfilter=1&starttime=20200129&endtime=20200130&sort=time&hasori=1)
2020-02-06 18:26:16	scrapy.spidermiddlewares.httperror	INFO	Ignoring response <302 https://weibo.cn/7380560940/info>: HTTP status code is not handled or not allowed
2020-02-06 18:26:16	scrapy.core.engine	INFO	Closing spider (finished)
2020-02-06 18:26:16	scrapy.statscollectors	INFO	Dumping Scrapy stats:
{'downloader/request_bytes': 8062,
 'downloader/request_count': 5,
 'downloader/request_method_count/GET': 5,
 'downloader/response_bytes': 12286,
 'downloader/response_count': 5,
 'downloader/response_status_count/200': 3,
 'downloader/response_status_count/302': 2,
 'elapsed_time_seconds': 101.893851,
 'finish_reason': 'finished',
 'finish_time': datetime.datetime(2020, 2, 6, 9, 26, 16, 366966),
 'httperror/response_ignored_count': 2,
 'httperror/response_ignored_status_count/302': 2,
 'item_scraped_count': 4,
 'log_count/DEBUG': 14,
 'log_count/INFO': 13,
 'log_count/WARNING': 2,
 'memusage/max': 112689152,
 'memusage/startup': 108589056,
 'request_depth_max': 1,
 'response_received_count': 5,
 'scheduler/dequeued': 5,
 'scheduler/dequeued/memory': 5,
 'scheduler/enqueued': 5,
 'scheduler/enqueued/memory': 5,
 'start_time': datetime.datetime(2020, 2, 6, 9, 24, 34, 473115)}
2020-02-06 18:26:16	scrapy.core.engine	INFO	Spider closed (finished)
