2020-02-07 15:13:53	scrapy.utils.log	INFO	Scrapy 1.8.0 started (bot: WeiboSearch)
2020-02-07 15:13:53	scrapy.utils.log	INFO	Versions: lxml 4.4.2.0, libxml2 2.9.9, cssselect 1.1.0, parsel 1.5.2, w3lib 1.21.0, Twisted 19.10.0, Python 3.7.5 (default, Oct 25 2019, 10:52:18) - [Clang 4.0.1 (tags/RELEASE_401/final)], pyOpenSSL 19.1.0 (OpenSSL 1.1.1d  10 Sep 2019), cryptography 2.8, Platform Darwin-19.3.0-x86_64-i386-64bit
2020-02-07 15:13:53	scrapy.crawler	INFO	Overridden settings: {'BOT_NAME': 'WeiboSearch', 'DOWNLOAD_DELAY': 1, 'LOG_ENABLED': '0', 'NEWSPIDER_MODULE': 'WeiboSearch.spiders', 'RETRY_HTTP_CODES': [401, 403, 408, 414, 500, 502, 503, 504], 'SPIDER_MODULES': ['WeiboSearch.spiders']}
2020-02-07 15:13:53	scrapy.extensions.telnet	INFO	Telnet Password: 512d5ce44fa8b0b8
2020-02-07 15:13:53	scrapy.middleware	INFO	Enabled extensions:
['scrapy.extensions.corestats.CoreStats',
 'scrapy.extensions.telnet.TelnetConsole',
 'scrapy.extensions.memusage.MemoryUsage',
 'scrapy.extensions.logstats.LogStats']
2020-02-07 15:13:54	scrapy.middleware	INFO	Enabled downloader middlewares:
['scrapy.downloadermiddlewares.httpauth.HttpAuthMiddleware',
 'scrapy.downloadermiddlewares.downloadtimeout.DownloadTimeoutMiddleware',
 'scrapy.downloadermiddlewares.defaultheaders.DefaultHeadersMiddleware',
 'scrapy.downloadermiddlewares.useragent.UserAgentMiddleware',
 'scrapy.downloadermiddlewares.retry.RetryMiddleware',
 'WeiboSearch.middlewares.CookiesMiddleware',
 'WeiboSearch.middlewares.ProxyMiddleware',
 'scrapy.downloadermiddlewares.redirect.MetaRefreshMiddleware',
 'scrapy.downloadermiddlewares.httpcompression.HttpCompressionMiddleware',
 'scrapy.downloadermiddlewares.httpproxy.HttpProxyMiddleware',
 'scrapy.downloadermiddlewares.stats.DownloaderStats']
2020-02-07 15:13:54	scrapy.middleware	INFO	Enabled spider middlewares:
['scrapy.spidermiddlewares.httperror.HttpErrorMiddleware',
 'scrapy.spidermiddlewares.offsite.OffsiteMiddleware',
 'scrapy.spidermiddlewares.referer.RefererMiddleware',
 'scrapy.spidermiddlewares.urllength.UrlLengthMiddleware',
 'scrapy.spidermiddlewares.depth.DepthMiddleware']
2020-02-07 15:13:54	scrapy.middleware	INFO	Enabled item pipelines:
['WeiboSearch.pipelines.TimePipeline',
 'WeiboSearch.pipelines.WeiboSpiderPipeline',
 'WeiboSearch.pipelines.MongoPipeline']
2020-02-07 15:13:54	scrapy.core.engine	INFO	Spider opened
2020-02-07 15:13:54	scrapy.extensions.logstats	INFO	Crawled 0 pages (at 0 pages/min), scraped 0 items (at 0 items/min)
2020-02-07 15:13:54	scrapy.extensions.telnet	INFO	Telnet console listening on 127.0.0.1:6023
2020-02-07 15:13:54	urllib3.connectionpool	DEBUG	Starting new HTTP connection (1): 127.0.0.1:5000
2020-02-07 15:13:55	scrapy.core.engine	DEBUG	Crawled (200) <GET https://weibo.cn/search/mblog?hideSearchFrame=&keyword=%E6%9C%80%E8%BF%91%E5%88%AB%E7%9A%84%E9%83%BD%E6%98%AF%E6%B5%AE%E4%BA%91%EF%BC%8C%E6%97%A0%E8%AE%BA%E6%98%AF%E5%9B%BD%E5%AE%B6%EF%BC%8C%E8%BF%98%E6%98%AF%E4%B8%AA%E4%BA%BA%E9%87%8D%E7%82%B9%E8%BF%98%E6%98%AF%E5%AF%B9%E4%BB%98&advancedfilter=1&starttime=20200129&endtime=20200130&sort=time&hasori=1> (referer: None)
2020-02-07 15:14:53	urllib3.connectionpool	DEBUG	Starting new HTTP connection (1): 127.0.0.1:5000
2020-02-07 15:14:53	scrapy.core.scraper	DEBUG	Scraped from <200 https://weibo.cn/search/mblog?hideSearchFrame=&keyword=%E6%9C%80%E8%BF%91%E5%88%AB%E7%9A%84%E9%83%BD%E6%98%AF%E6%B5%AE%E4%BA%91%EF%BC%8C%E6%97%A0%E8%AE%BA%E6%98%AF%E5%9B%BD%E5%AE%B6%EF%BC%8C%E8%BF%98%E6%98%AF%E4%B8%AA%E4%BA%BA%E9%87%8D%E7%82%B9%E8%BF%98%E6%98%AF%E5%AF%B9%E4%BB%98&advancedfilter=1&starttime=20200129&endtime=20200130&sort=time&hasori=1>
{'crawled_at': '2020-02-07 15:14:53',
 'created_at': '2020-01-30 23:53',
 'favorite_count': 1,
 'id_str': '6492791028_IrW6BkdGQ',
 'image_url': 'http://wx1.sinaimg.cn/wap180/0075p5xWly1gbezl69o54j32ao328u0y.jpg',
 'place': True,
 'reply_count': 0,
 'retweet_count': 0,
 'source': 'HUAWEI P20',
 'text': '#武汉加油#最近别的都是浮云，无论是国家，还是个人重点还是对付#新型冠状病毒#为了能打赢这一仗，拼了，宅在家里第五天，吃饭，睡觉，打游戏，看电视，快疯了，还是希望一觉起来之后，一切好起来了。抗战在一线的白衣天使我们爱你们#武汉#冬天来了，春天还会远吗？春暖花开时见。',
 'user': '6492791028',
 'username': 'A叶子在飞',
 'weibo_url': 'https://weibo.com/6492791028/IrW6BkdGQ'}
2020-02-07 15:14:53	urllib3.connectionpool	DEBUG	Starting new HTTP connection (1): 127.0.0.1:5000
2020-02-07 15:14:54	scrapy.extensions.logstats	INFO	Crawled 1 pages (at 1 pages/min), scraped 1 items (at 1 items/min)
2020-02-07 15:14:54	scrapy.core.engine	DEBUG	Crawled (200) <GET https://weibo.cn/6492791028/IrW6BkdGQ> (referer: https://weibo.cn/search/mblog?hideSearchFrame=&keyword=%E6%9C%80%E8%BF%91%E5%88%AB%E7%9A%84%E9%83%BD%E6%98%AF%E6%B5%AE%E4%BA%91%EF%BC%8C%E6%97%A0%E8%AE%BA%E6%98%AF%E5%9B%BD%E5%AE%B6%EF%BC%8C%E8%BF%98%E6%98%AF%E4%B8%AA%E4%BA%BA%E9%87%8D%E7%82%B9%E8%BF%98%E6%98%AF%E5%AF%B9%E4%BB%98&advancedfilter=1&starttime=20200129&endtime=20200130&sort=time&hasori=1)
2020-02-07 15:15:56	scrapy.core.scraper	DEBUG	Scraped from <200 https://weibo.cn/6492791028/IrW6BkdGQ>
{'crawled_at': '2020-02-07 15:15:56',
 'created_at': '2020-01-30 23:53',
 'favorite_count': 1,
 'id_str': '6492791028_IrW6BkdGQ',
 'image_url': 'http://wx1.sinaimg.cn/wap180/0075p5xWly1gbezl69o54j32ao328u0y.jpg',
 'place': '天水·秦安县',
 'reply_count': 0,
 'retweet_count': 0,
 'source': 'HUAWEI P20',
 'text': '#武汉加油#最近别的都是浮云，无论是国家，还是个人重点还是对付#新型冠状病毒#为了能打赢这一仗，拼了，宅在家里第五天，吃饭，睡觉，打游戏，看电视，快疯了，还是希望一觉起来之后，一切好起来了。抗战在一线的白衣天使我们爱你们#武汉#冬天来了，春天还会远吗？春暖花开时见。',
 'user': '6492791028',
 'username': 'A叶子在飞',
 'weibo_url': 'https://weibo.com/6492791028/IrW6BkdGQ'}
2020-02-07 15:15:56	scrapy.core.engine	DEBUG	Crawled (200) <GET https://weibo.cn/6492791028/info> (referer: https://weibo.cn/search/mblog?hideSearchFrame=&keyword=%E6%9C%80%E8%BF%91%E5%88%AB%E7%9A%84%E9%83%BD%E6%98%AF%E6%B5%AE%E4%BA%91%EF%BC%8C%E6%97%A0%E8%AE%BA%E6%98%AF%E5%9B%BD%E5%AE%B6%EF%BC%8C%E8%BF%98%E6%98%AF%E4%B8%AA%E4%BA%BA%E9%87%8D%E7%82%B9%E8%BF%98%E6%98%AF%E5%AF%B9%E4%BB%98&advancedfilter=1&starttime=20200129&endtime=20200130&sort=time&hasori=1)
2020-02-07 15:15:56	scrapy.extensions.logstats	INFO	Crawled 3 pages (at 2 pages/min), scraped 2 items (at 1 items/min)
2020-02-07 15:15:56	urllib3.connectionpool	DEBUG	Starting new HTTP connection (1): 127.0.0.1:5000
2020-02-07 15:15:57	scrapy.core.engine	DEBUG	Crawled (200) <GET https://weibo.cn/u/6492791028> (referer: https://weibo.cn/6492791028/info)
2020-02-07 15:15:58	scrapy.core.scraper	DEBUG	Scraped from <200 https://weibo.cn/u/6492791028>
{'birthday': '巨蟹座',
 'brief_introduction': '陌上人如玉，公子世无双',
 'crawled_at': '2020-02-07 15:15:58',
 'fans_num': 33,
 'follows_num': 49,
 'gender': '男',
 'id': '6492791028',
 'name': 'A叶子在飞',
 'province': '其他',
 'tweets_num': 27,
 'vip_level': '1级'}
2020-02-07 15:15:58	scrapy.core.engine	INFO	Closing spider (finished)
2020-02-07 15:15:58	scrapy.statscollectors	INFO	Dumping Scrapy stats:
{'downloader/request_bytes': 2935,
 'downloader/request_count': 4,
 'downloader/request_method_count/GET': 4,
 'downloader/response_bytes': 16555,
 'downloader/response_count': 4,
 'downloader/response_status_count/200': 4,
 'elapsed_time_seconds': 123.713192,
 'finish_reason': 'finished',
 'finish_time': datetime.datetime(2020, 2, 7, 6, 15, 58, 25428),
 'item_scraped_count': 3,
 'log_count/DEBUG': 11,
 'log_count/INFO': 12,
 'memusage/max': 111800320,
 'memusage/startup': 108605440,
 'request_depth_max': 2,
 'response_received_count': 4,
 'scheduler/dequeued': 4,
 'scheduler/dequeued/memory': 4,
 'scheduler/enqueued': 4,
 'scheduler/enqueued/memory': 4,
 'start_time': datetime.datetime(2020, 2, 7, 6, 13, 54, 312236)}
2020-02-07 15:15:58	scrapy.core.engine	INFO	Spider closed (finished)
